1000  5E FB 0F 00 80 52 6F 62  ^....Rob
1008  52 6F 62 38 33 02 00 00  Rob83...
1010  C3 66 1F C3 E6 60 C3 C4  .f...`..
1018  1F 1C 86 8D 50 48 49 4C  ....PHIL
1020  49 50 53 20 43 41 53 53  IPS CASS
1028  45 54 54 45 20 42 41 53  ETTE BAS
1030  49 43 04 03 02 83 56 65  IC....Ve
1038  72 73 69 65 20 31 2E 31  rsie 1.1
1040  86 4E 4C 04 05 02 86 00  .NL.....
1048  C9 00 C3 C0 60 C3 3A 19  ....`.:.
1050  C3 D0 60 C3 48 15 C3 5A  ..`.H..Z
1058  1F C3 4F 17 C3 E2 16 C3  ..O.....
1060  C3 60 C3 18 19 C3 53 1D  .`....S.
1068  C9 00 00 C9 00 00 C3 63  .......c
1070  24 C3 F3 14 C3 2C 15 C3  $....,..
1078  30 13 CD 30 13 D0 CD 3E  0..0...>
1080  11 3E 50 18 CE 2A B3 60  .>P..*.`
1088  EB 2A AD 60 19 F5 7C 87  .*.`..|.
1090  87 84 67 7D 6C 26 05 29  ..g}l&.)
1098  29 29 29 22 B1 60 85 6F  )))".`.o
10A0  30 01 24 F1 C9 CB 3E 38  0.$...>8
10A8  03 23 77 C9 CB 3E 5F 23  .#w..>_#
10B0  56 38 16 1D 15 2A AF 60  V8...*.`
10B8  7D BA D8 7C BB D8 7B 32  }..|..{2
10C0  B4 63 EB 22 B3 60 C3 3E  .c.".`.>
10C8  11 B7 C8 AF 6F 4F 14 1D  ....oO..
10D0  28 01 0C F3 A9 D8 D8 D3  (.......
10D8  50 43 2D 20 01 15 28 04  PC- ..(.
10E0  10 F8 18 F0 FB 3E 07 18  .....>..
10E8  10 3A B4 60 3C 32 BD 60  .:.`<2.`
10F0  3E 03 01 3E 0D E1 01 3E  >..>...>
10F8  1D 32 BC 60 C9 21 BC 60  .2.`.!.`
1100  CB 3E DA A5 10 2A 90 60  .>...*.`
1108  CD BD 19 FE 20 38 25 FE  .... 8%.
1110  A0 30 02 E6 7F CD 7A 11  .0.. .z.
1118  CD 79 12 3A 13 60 07 38  .y.:.`.8
1120  1D 21 A6 60 3A 0F 60 0F  .!.`:.`.
1128  30 01 2B 7E 3C 3D 28 0E  0.+\<=(.
1130  10 FE 18 F9 4F CD 3E 11  ....O.>.
1138  21 F0 12 CD 40 1E 3A 13  !...@.:.
1140  60 0F D8 CD 85 10 3E 80  `.....>.
1148  AE 77 C9 AF 32 B3 60 C9  .w..2.`.
1150  CD 57 11 D8 CD 76 11 CD  .W...v..
1158  63 12 CD 6C 12 C0 CD 71  c..l...q
1160  12 37 C8 3A B0 60 B7 32  .7.:.`.2
1168  B3 60 C9 CD 76 11 3A B3  .`..v.:.
1170  60 E6 07 C8 18 F5 CD 79  `......y
1178  12 AF CD 85 10 77 CD 88  .....w..
1180  12 D0 CD 4B 11 21 B4 60  ...K.!.`
1188  34 7E 21 AF 60 BE D8 7E  4\!.`..\
1190  32 B4 60 C4 B7 60 3A 13  2.`..`:.
1198  60 07 D8 07 D0 3A F4 60  `....:.`
11A0  B7 C0 CD 85 10 E5 11 24  .......$
11A8  1F EB 01 09 00 ED B0 E1  ........
11B0  CD 4D 10 06 09 CD 9C 12  .M......
11B8  FE 0D 28 24 FE 1B 28 26  ..($..(&
11C0  FE 0F CA 1B 12 FE 03 28  .......(
11C8  2F FE 05 C0 21 AF 60 CD  /...!.`.






11D0  66 12 C4 30 13 DC 32 00  f..0..2.
11D8  34 18 C7 CD 06 12 D3 30  4......0
11E0  3A AF 60 3D 18 0E 21 13  :.`=..!.
11E8  60 CB B6 C9 21 13 60 CB  `...!.`.
11F0  F6 3A B4 60 32 F4 60 C9  .:.`2.`.
11F8  CD E0 11 CD 3E 11 C3 3E  ....>..>
1200  1D CD 85 11 18 28 3A B3  .....(:.
1208  60 B7 C4 82 11 18 1B 21  `......!
1210  00 00 22 AD 60 21 17 27  ..".`!.'
1218  22 AF 60 21 00 00 22 B3  ".`!..".
1220  60 CD D4 12 CD F1 11 CD  `.......
1228  4B 11 AF 32 B4 63 2A B3  K..2.c*.
1230  60 22 F2 60 C9 CD 59 12  `".`..Y.
1238  E5 ED 5B B3 60 CD FD 1C  ..[.`...
1240  38 01 EB 22 B3 60 D5 CD  8..".`..
1248  79 11 2A B3 60 D1 CD FD  y.*.`...
1250  1C 38 F3 E1 22 B3 60 18  .8..".`.
1258  D1 2A F2 60 CB 7C C8 21  .*.`.|.!
1260  00 00 C9 21 B4 63 7E B7  ...!.c\.
1268  C8 35 B7 C9 21 B3 60 18  .5..!.`.
1270  F5 21 B4 60 18 F0 CD 7E  .!.`...\
1278  11 21 B4 63 3E FE 18 0E  .!.c>...
1280  21 B4 60 3A AF 60 18 06  !.`:.`..
1288  21 B3 60 3A B0 60 34 BE  !.`:.`4.
1290  D0 35 C9 CD 85 10 3A B0  .5....:.
1298  60 93 3C 47 36 00 23 10  `.<G6.#.
12A0  FB C9 21 F4 60 CD 66 12  ..!.`.f.
12A8  CD 59 12 25 22 F2 60 2A  .Y.%".`*
12B0  AF 60 45 4C 0C 2A AD 60  .`EL.*.`
12B8  AF B0 28 12 E5 CD 8D 10  ..(.....
12C0  EB 21 50 00 C5 44 19 ED  .!P..D..
12C8  B0 C1 E1 24 10 EE CD 8D  ...$....
12D0  10 41 18 C8 2A B3 60 E5  .A..*.`.
12D8  22 B3 60 CD 93 12 CD 4B  ".`....K
12E0  11 CD 80 12 30 F5 E1 22  ....0.."
12E8  B3 60 C9 CD 59 12 18 F7  .`..Y...
12F0  FC 10 3C 1C 42 1C DB 11  ..<.B...
12F8  F3 10 7A 10 2E 12 32 00  ..z...2.
1300  57 11 6B 11 01 12 50 11  W.k...P.
1308  1B 12 27 12 EC 11 35 12  ..'...5.
1310  6C 12 71 12 80 12 88 12  l.q.....
1318  E9 10 93 12 D4 12 F7 10  ........
1320  76 12 FC 10 FC 10 FC 10  v.......
1328  0F 12 06 12 E6 11 EB 12  ........
1330  C5 D5 E5 ED 4B AF 60 0C  ....K.`.
1338  21 00 00 C5 E5 68 04 CD  !....h..
1340  88 10 3E 20 BE 38 05 2B  ..> .8.+
1348  10 F8 18 23 E1 E5 CD 88  ...#....
1350  10 4E CD 46 11 79 FE 20  .N.F.y. 
1358  30 02 CB FF E5 2A 98 60  0....*.`
1360  C5 CD BD 19 C1 E1 CD 5F  ......._
1368  10 71 38 03 23 10 E2 E1  .q8.#...
1370  C1 D4 D4 19 38 18 CD D3  ....8...
1378  60 F5 DC 4D 10 F1 38 0E  `..M..8.
1380  24 0D 20 B7 18 08 C5 D5  $. .....
1388  E5 F5 CD FD 10 F1 E1 D1  ........
1390  C1 C9 3E 0D CD 9A 13 D8  ..>.....
1398  3E 0A C5 D5 E5 CD A2 13  >.......
13A0  18 EC 21 A2 60 CB 56 C2  ..!.`.V.
13A8  14 14 2A 92 60 CD BD 19  ..*.`...
13B0  21 53 62 11 07 20 FE 09  !Sb.. ..
13B8  20 0A 7A CD 9A 13 D8 7E   .z....\
13C0  A3 20 F7 C9 FE 0D 20 02  . .... .
13C8  36 00 BA 38 0A F5 3A AB  6..8..:.
13D0  60 BE CC 92 13 34 F1 21  `....4.!
13D8  A1 60 FE 0A 20 10 CD 14  .`.. ...






13E0  14 D8 34 3A AA 60 96 B7  ..4:.`..
13E8  C0 3A A9 60 18 08 FE 0C  .:.`....
13F0  20 10 3A AA 60 96 47 B7   .:.`.G.
13F8  28 06 CD 92 13 D8 10 FA  (.......
1400  70 C9 23 FE 0D 20 02 CB  p.#.. ..
1408  B6 CB 4E C4 18 14 2A 9C  ..N...*.
1410  60 CD 48 1C B7 C3 C6 60  `.H....`
1418  D6 80 BA 38 14 CB BF CB  ...8....
1420  76 C8 CB 6F C8 CB 46 28  v..o..F(
1428  15 23 CB 77 28 01 23 86  .#.w(.#.
1430  C9 3D BB 30 02 CB B6 D6  .=.0....
1438  10 BB 30 02 CB F6 7A C9  ..0...z.
1440  85 43 61 73 73 65 74 74  .Cassett
1448  65 20 66 6F 75 74 83 00  e fout..
1450  4A 61 1D 00 1D 86 48 69  Ja....Hi
1458  65 72 20 6F 76 65 72 68  er overh
1460  65 65 6E 09 00 1D 86 4D  een....M
1468  61 67 20 64 65 20 72 65  ag de re
1470  73 74 20 77 65 67 00 86  st weg..
1478  43 61 73 73 65 74 74 65  Cassette
1480  20 77 69 73 73 65 6E 00   wissen.
1488  86 49 6E 68 6F 75 64 0D  .Inhoud.
1490  0A 00 53 74 6F 70 00 47  ..Stop.G
1498  65 65 6E 20 63 61 73 73  een cass
14A0  65 74 74 65 00 00 4C 65  ette..Le
14A8  65 73 66 6F 75 74 00 00  esfout..
14B0  00 00 47 65 65 6E 20 73  ..Geen s
14B8  74 6F 70 6A 65 00 00 00  topje...
14C0  00 00 00 4E 69 65 74 20  ...Niet 
14C8  67 65 76 6F 6E 64 65 6E  gevonden
14D0  00 00 00 47 65 65 6E 20  ...Geen 
14D8  70 72 69 6E 74 65 72 00  printer.
14E0  4E 65 65 00 44 42 4C 42  Nee.DBLB
14E8  41 53 49 4E 54 53 54 52  ASINTSTR
14F0  53 4E 47 21 88 14 CD 83  SNG!....
14F8  33 CD 38 15 CD 08 15 C0  3.8.....
1500  CD D3 15 CD 1C 15 18 F4  ........
1508  21 00 00 22 34 60 23 22  !.."4`#"
1510  32 60 3E 06 DF C8 FE 4D  2`>....M
1518  20 2E B7 C9 21 4F 60 35   ...!O`5
1520  C8 3E 02 18 15 32 4F 60  .>...2O`
1528  3E 03 18 0E 21 77 14 CD  >...!w..
1530  63 15 CD 38 15 3E 04 01  c..8.>..
1538  3E 01 DF C8 18 0A 3E 07  >.....>.
1540  DF 3E 41 28 03 3E 47 D0  .>A(.>G.
1548  32 52 62 D6 3F 5F 21 00  2Rb.?_!.
1550  00 22 53 62 01 89 15 2A  ."Sb...*
1558  F4 63 C3 D8 1C CD D3 15  .c......
1560  21 54 14 CD 83 33 21 0E  !T...3!.
1568  1D CD 83 33 CD 3E 15 CD  ...3.>..
1570  D3 60 28 F8 CD 31 19 21  .`(..1.!
1578  50 14 E6 DF FE 4A 28 02  P....J(.
1580  FE 59 CA 83 33 3E 51 18  .Y..3>Q.
1588  BF C1 2A F2 63 22 FA 63  ..*.c".c
1590  CD 0A 1F 22 F6 63 28 15  ...".c(.
1598  3A FE 63 B7 CC 50 1F 2A  :.c..P.*
15A0  FC 63 7C B5 28 07 3A FE  .c|.(.:.
15A8  63 B7 CA B2 24 CD 1D 1A  c...$...
15B0  AF 32 FE 63 47 4F 21 91  .2.cGO!.
15B8  14 ED B1 1D 20 FB B6 C2  .... ...
15C0  E3 24 E5 21 40 14 CD 83  .$.!@...
15C8  33 3A 52 62 2A F6 63 E3  3:Rb*.c.
15D0  C3 EB 24 21 36 60 06 09  ..$!6`..
15D8  CD 29 16 06 08 2E 47 CD  .)....G.
15E0  23 16 06 04 2E 3E CD 29  #....>.)
15E8  16 3E 86 CD A9 19 7E CD  .>....\.






15F0  A9 19 21 2A 1A E5 2A 4F  ..!*..*O
15F8  60 26 00 CD 01 16 2A 34  `&....*4
1600  60 CD 93 38 48 21 13 65  `..8H!.e
1608  E5 CD 6A 42 E1 01 2F 06  ..jB../.
1610  3E 30 CC 7E 23 FE 30 20  >0.\#.0 
1618  02 A1 DA 0E FF CD A9 19  ........
1620  10 F1 C9 7E 23 FE 20 30  ...\#. 0
1628  02 3E 83 CD A9 19 10 F3  .>......
1630  C9 CD F7 4B 2A 0D 65 4E  ...K*.eN
1638  23 5E 23 56 EB AF 47 B9  #^#V..G.
1640  28 01 BE CA 9C 28 E5 C5  (....(..
1648  09 2B AF ED B9 20 1A 23  .+... .#
1650  23 D1 C5 7B 0C 91 28 11  #..{..(.
1658  0E 03 B9 30 01 4F 11 40  ...0.O.@
1660  61 3E 20 12 1B 12 1B ED  a> .....
1668  B0 C1 3E 10 B9 30 01 4F  ..>..0.O
1670  E1 11 03 61 ED B0 21 03  ...a..!.
1678  61 11 36 61 01 08 00 ED  a.6a....
1680  B0 1E 47 0E 08 ED B0 C9  ..G.....
1688  3E 01 22 30 61 EB B7 ED  >."0a...
1690  52 22 32 61 22 34 61 22  R"2a"4a"
1698  43 61 21 42 4E 22 41 61  Ca!BN"Aa
16A0  E6 07 4F 87 81 4F 06 00  ..O..O..
16A8  21 E4 14 09 0E 03 11 3E  !......>
16B0  61 ED B0 21 03 61 06 10  a..!.a..
16B8  36 20 23 10 FB C9 21 AC  6 #...!.
16C0  60 7E 1F 36 00 D4 38 15  `\.6..8.
16C8  CD 08 15 C0 3A 41 60 FE  ....:A`.
16D0  42 20 0A 21 36 60 3A 36  B .!6`:6
16D8  61 B7 C8 96 C8 CD 1C 15  a.......
16E0  18 E6 F5 CD 88 16 CD 31  .......1
16E8  16 F1 32 36 61 C3 CC 60  ..26a..`
16F0  CD 3E 15 CD C5 16 F5 21  .>.....!
16F8  AC 60 7E 36 00 20 3A E6  .`\6. :.
1700  C0 CB 17 D4 0A 1F CC 5D  .......]
1708  15 2A 43 61 2B CB 3C CB  .*Ca+.<.
1710  3C 24 3A 4F 60 47 BC 3E  <$:O`G.>
1718  01 2A 32 60 30 15 D1 F5  .*2`0...
1720  CD 1C 15 CD 08 15 20 07  ...... .
1728  21 65 14 CD 63 15 04 2A  !e..c..*
1730  34 61 78 22 32 61 CD 25  4ax"2a.%
1738  15 21 30 61 11 30 60 01  .!0a.0`.
1740  20 00 ED B0 3E 05 CD 3A   ...>..:
1748  15 F1 B7 C4 35 15 C9 32  ....5..2
1750  36 61 CD 88 16 C3 C9 60  6a.....`
1758  CD BE 16 C2 48 15 2A 34  ....H.*4
1760  61 ED 5B 34 60 ED 52 DA  a.[4`.R.
1768  85 1C 3E 01 CD 25 15 2A  ..>..%.*
1770  30 61 22 30 60 3E 06 CD  0a"0`>..
1778  3A 15 2A 30 61 ED 5B 43  :.*0a.[C
1780  60 19 C9 0B 0B 0B 0B 0B  `.......
1788  2A 09 64 ED 52 C5 E3 C1  *.d.R...
1790  EB 28 02 ED B0 ED 53 09  .(....S.
1798  64 E1 7E D6 2C C0 CD 33  d.\.,..3
17A0  28 AF F5 3E 01 32 E7 63  (..>.2.c
17A8  CD 96 47 32 E7 63 E3 E5  ..G2.c..
17B0  EB 09 EB F1 B7 28 CC E1  .....(..
17B8  F5 C5 E3 4E 06 00 09 09  ...N....
17C0  23 3A B6 63 F5 CD 8A 16  #:.c....
17C8  3A 00 61 32 03 61 CD 76  :.a2.a.v
17D0  16 F1 E1 F5 2B CD 33 28  ....+.3(
17D8  FE 40 20 0B CD F3 2C CD  .@ ...,.
17E0  F2 38 E5 CD 31 16 E1 F1  .8..1...
17E8  FE 03 CA DC 60 F1 E5 F5  ....`...
17F0  F4 CC 60 F1 FC C9 60 E1  ..`...`.
17F8  C9 21 0A 34 11 1B 19 18  .!.4....






1800  06 21 9D 32 11 31 19 E5  .!.2.1..
1808  CD 1E 30 C0 21 91 30 E3  ..0.!.0.
1810  D5 C3 F7 4B 10 36 11 71  ...K.6.q
1818  33 35 37 34 09 68 7A 73  3574.hzs
1820  64 67 6A 66 2E 20 30 30  dgjf. 00
1828  23 12 2C 13 00 6E 3C 78  #.,..n<x
1830  63 62 6D 76 1B 79 61 77  cbmv.yaw
1838  65 74 75 72 0F 39 2B 2D  etur.9+-
1840  08 30 31 2D 39 6F 38 37  .01-9o87
1848  0D 70 38 40 33 2E 32 31  .p8@3.21
1850  5D 2F 6B 32 36 6C 35 34  ]/k26l54
1858  7B 3B 69 3A 1D 26 1F 51  {;i:.&.Q
1860  5F 25 27 24 19 48 5A 53  _%'$.HZS
1868  44 47 4A 46 03 20 05 82  DGJF. ..
1870  7F 1A 2C 1E 00 4E 3E 58   .,..N>X
1878  43 42 4D 56 1B 59 41 57  CBMV.YAW
1880  45 54 55 52 0C 29 2A 5C  ETUR.)*~
1888  0B 3D 21 60 0E 4F 07 81  .=!`.O..
1890  0D 50 28 5E 83 2E 07 80  .P(^....
1898  5B 3F 4B 22 07 4C 85 07  [?K".L..
18A0  7D 2B 49 2A 21 1A 21 1A  }+I*!.!.
18A8  1D 1F 14 18 21 1A 00 00  ....!...
18B0  11 1F 00 00 FE 00 03 80  ........
18B8  60 20 00 3A 00 06 42 50  ` .:..BP
18C0  00 00 00 17 27 00 00 00  ....'...
18C8  00 00 01 C3 A2 12 00 00  ........
18D0  00 00 09 00 C3 86 13 C3  ........
18D8  9A 13 C3 12 1A C3 58 17  ......X.
18E0  C3 F0 16 00 00 00 00 00  ........
18E8  00 00 C3 29 00 C3 56 19  ...)..V.
18F0  C3 7B 24 00 C3 9B 1A C9  .{$.....
18F8  00 00 C9 00 00 C9 00 00  ........
1900  3E 3F CD 4A 10 3E 20 CD  >?.J.> .
1908  4A 10 18 05 3E 0A C3 5F  J...>.._
1910  10 AF 32 61 62 C3 98 1A  ..2ab...
1918  22 F2 63 CD D3 60 3E 00  ".c..`>.
1920  C8 3C D0 CD 3A 19 3A FE  .<..:.:.
1928  63 B7 C0 3A FD 63 B7 20  c..:.c. 
1930  06 CD 3A 19 FE 03 C0 C3  ..:.....
1938  3E 1D E5 21 CF 60 7E 36  >..!.`\6
1940  00 B7 20 08 CD D3 60 28  .. ...`(
1948  FB CD D9 60 21 B6 60 CB  ...`!.`.
1950  46 E1 CA 2E 2F C9 CD 26  F.../..&
1958  00 2A 94 60 C5 CD 48 1C  .*.`..H.
1960  C1 C0 2A 96 60 85 6F 30  ..*.`.o0
1968  01 24 7E C9 CD 4D 10 FE  .$\..M..
1970  80 D8 4F 3A 61 62 2A EC  ..O:ab*.
1978  63 B4 B5 3E 07 C0 59 CD  c..>..Y.
1980  CD 1C 7B 21 CA 1D CD E9  ..{!....
1988  60 E6 07 4F CD 40 1E C3  `..O.@..
1990  C6 1F 3E 0C CD A9 19 3E  ..>....>
1998  0E CD A9 19 E1 ED 5B 9A  ......[.
19A0  60 AF CD 14 26 C3 3A 33  `...&.:3
19A8  00 E5 2A 54 62 2D E1 C2  ..*Tb-..
19B0  4A 10 F5 CD 5F 10 3E 50  J..._.>P
19B8  DA 53 10 F1 C9 FE A0 DA  .S......
19C0  48 1C CB BF CD 48 1C CB  H....H..
19C8  FF C9 00 AF 32 54 62 3A  ....2Tb:
19D0  53 62 B7 C8 3E 0D CD 5F  Sb..>.._
19D8  10 C3 0C 19 00 BE 28 03  ......(.
19E0  FE 20 D8 4F 1A B7 37 C8  . .O..7.
19E8  79 12 C3 29 1C 78 B7 FA  y..).x..
19F0  E9 1A 20 0A 1B 1A 26 08  .. ...&.
19F8  B7 20 0A 13 37 C9 1A 26  . ..7..&
1A00  18 B7 37 C8 13 6F 7C CD  ..7..o|.
1A08  4A 10 0C 2D CB 7D 20 F6  J..-.} .






1A10  B7 C9 C5 4F DB 20 1F 1F  ...O. ..
1A18  D4 5D 0E C1 C9 3E 1D 18  .]...>..
1A20  10 04 23 5F 5F 23 5C 7E  ..#__#~\
1A28  7E 5C 3E 0D CD A9 19 3E  \~>....>
1A30  0A CD A9 19 AF C9 BF 9F  ........
1A38  DF FF 32 52 62 2A F6 63  ..2Rb*.c
1A40  7C A5 3C C8 18 0B 00 00  |.<.....
1A48  CD A1 28 C0 EB DD 2A F5  ..(...*.
1A50  60 22 F8 63 2A F8 63 E5  `".c*.c.
1A58  EB CD 31 26 D2 0D 29 C5  ..1&..).
1A60  11 00 00 7E 23 B6 28 04  ...\#.(.
1A68  23 5E 23 56 ED 53 F5 60  #^#V.S.`
1A70  E1 E3 CD 9E 3E 11 60 62  ....>.`b
1A78  0E FF AF ED A0 BE 20 FB  ...... .
1A80  3E 20 12 13 D5 51 C1 E1  > ...Q..
1A88  23 23 23 23 CD 98 33 21  ####..3!
1A90  79 25 AF 02 3C 36 C7 E3  y%..<6..
1A98  C3 E0 60 CD 55 1B CC BB  ..`.U...
1AA0  1B 6F F1 F5 D6 25 67 22  .o...%g"
1AA8  EB 63 AF 32 60 62 CD 4A  .c.2`b.J
1AB0  10 3A B4 60 32 F4 60 CD  .:.`2.`.
1AB8  E1 1A CB FE CD E8 1D 3E  .......>
1AC0  07 DC 4A 10 CD DD 1A CB  ..J.....
1AC8  BE CD 6C 19 F5 CD E1 1A  ..l.....
1AD0  F1 CB FE CD F6 1A 18 E7  ........
1AD8  21 B6 60 34 C9 3E 01 18  !.`4.>..
1AE0  02 3E 02 21 13 60 C3 4A  .>.!.`.J
1AE8  10 CD FE 19 D8 D5 CD F4  ........
1AF0  19 E1 D8 C3 F3 1D FE 08  ........
1AF8  28 F3 FE 0B 28 EB FE 19  (...(...
1B00  28 D6 FE 0E CA 4A 10 FE  (....J..
1B08  05 CA 77 10 FE 1B 28 3F  ..w...(?
1B10  06 00 FE 03 CA E5 1B FE  ........
1B18  10 CA ED 19 FE 1D 28 3B  ......(;
1B20  FE 11 28 43 FE 1F 28 4D  ..(C..(M
1B28  FE 0F CA B3 1B 04 FE 0D  ........
1B30  CA E5 1B FE 13 CA ED 19  ........
1B38  FE 1E CA CE 1B FE 12 28  .......(
1B40  26 FE 1A 28 30 FE 0C CA  &..(0...
1B48  A5 1B 21 BE 60 DD E9 3A  ..!.`..:
1B50  EB 63 B7 37 C8 DD 21 7C  .c.7..!|
1B58  1B B7 C9 3A B3 60 B7 C8  ...:.`..
1B60  CD ED 19 30 F6 B7 C9 0E  ...0....
1B68  00 CD ED 19 D8 3A B0 60  .....:.`
1B70  B9 30 F6 B7 C9 CD ED 19  .0......
1B78  30 FB B7 C9 E6 DF FE 49  0......I
1B80  28 39 FE 43 28 1A FE 48  (9.C(..H
1B88  28 2C 06 FF FE 4B 28 31  (,...K(1
1B90  04 04 FE 4E 28 4A FE 53  ...N(J.S
1B98  28 27 FE 58 28 15 37 C9  ('.X(.7.
1BA0  DD 21 DD 19 C9 3A ED 63  .!...:.c
1BA8  B7 37 C0 3E 0C CD 4A 10  .7.>..J.
1BB0  CD E8 1D CD 75 1B AF 12  ....u...
1BB8  CD F1 1D B7 DD 21 08 1C  .....!..
1BC0  C9 CD 4D 10 FE 09 28 03  ..M...(.
1BC8  FE 20 D8 32 A7 60 CD ED  . .2.`..
1BD0  19 D8 1A FE 80 38 02 3E  .....8.>
1BD8  09 21 A7 60 BE 20 EF C9  .!.`. ..
1BE0  3E 84 32 CF 60 F5 CD B3  >.2.`...
1BE8  1B CD 2A 1A 21 61 62 7E  ..*.!ab\
1BF0  CB 07 30 02 36 09 23 20  ..0.6.# 
1BF8  F6 CD DD 1A CB BE F1 E1  ........
1C00  21 60 62 FE 04 C3 E3 60  !`b....`
1C08  4F BE 28 03 FE 20 D8 C5  O.(.. ..
1C10  21 61 62 3A A0 60 4F AF  !ab:.`O.
1C18  47 03 ED B1 37 C1 C0 62  G...7..b






1C20  6B 7E 71 23 4F B7 20 F9  k\q#O. .
1C28  77 CD F1 1D C3 FE 19 21  w......!
1C30  60 62 C8 37 23 F5 C3 98  `b.7#...
1C38  25 C3 A9 19 21 13 60 CB  %...!.`.
1C40  86 C9 21 13 60 CB C6 C9  ..!.`...
1C48  46 04 05 C8 23 BE 23 20  F...#.# 
1C50  F9 B0 7E C9 CD 6E 1C C5  ..\..n..
1C58  E3 C1 CD FD 1C 7E 02 C8  .....\..
1C60  0B 2B 18 F6 00 E5 2A 09  .+....*.
1C68  64 06 00 09 09 3E E5 3E  d....>.>
1C70  C6 95 6F 3E FF 9C DA 7D  ..o>...}
1C78  1C 67 39 E1 D8 2A 58 62  .g9..*Xb
1C80  2B 2B 22 F4 63 1E 07 C3  ++".c...
1C88  7D 24 00 C0 2A 5C 62 CD  }$..*~b.
1C90  97 1D 32 ED 63 77 23 77  ..2.cw#w
1C98  23 22 05 64 2A 5C 62 2B  #".d*~b+
1CA0  22 EB 63 06 1A 21 0D 64  ".c..!.d
1CA8  36 04 23 10 FB AF 32 FE  6.#...2.
1CB0  63 6F 67 22 FC 63 22 03  cog".c".
1CB8  64 2A B8 63 22 DD 63 CD  d*.c".c.
1CC0  16 1D 2A 05 64 22 07 64  ..*.d".d
1CC8  22 09 64 00 00 C1 2A 58  ".d...*X
1CD0  62 2B 2B 22 F4 63 23 23  b++".c##
1CD8  F9 21 BC 63 22 BA 63 CD  .!.c".c.
1CE0  CB 19 AF 67 6F 22 29 64  ...go")d
1CE8  32 FA 64 22 91 64 22 FD  2.d".d".
1CF0  64 22 27 64 32 E7 63 E5  d"'d2.c.
1CF8  C5 2A EB 63 C9 7C 92 C0  .*.c.|..
1D00  7D 93 C9 7E E3 BE C2 63  }..\...c
1D08  24 23 E3 C3 33 28 3F 20  $#..3(? 
1D10  28 4A 2F 4E 29 83 00 EB  (J/N)...
1D18  2A 5C 62 28 0E EB CD AC  *~b(....
1D20  28 E5 CD 31 26 60 69 D1  (..1&`i.
1D28  D2 0D 29 2B 22 0B 64 EB  ..)+".d.
1D30  C9 C0 F6 C0 22 F2 63 21  ....".c!
1D38  BC 63 22 BA 63 21 F6 FF  .c".c!..
1D40  C1 3E 40 C2 53 10 CD 0A  .>@.S...
1D48  1F C4 50 1F AF 32 FE 63  ..P..2.c
1D50  C3 03 25 D8 28 20 CD F2  ..%.( ..
1D58  2C CD 2C 4C C4 3E 4C 08  ,.,L.>L.
1D60  CD 8C 1C 08 ED 5B 58 62  .....[Xb
1D68  2A 5C 62 E5 CD 59 10 22  *~b..Y."
1D70  05 64 D1 CD FB 25 CD 9C  .d...%..
1D78  1C 3E 1E CD A9 19 C3 D0  .>......
1D80  27 00 2A 03 64 7C B5 1E  '.*.d|..
1D88  11 CA 7D 24 EB 2A 01 64  ..}$.*.d
1D90  22 5A 62 EB C9 00 3E AF  "Zb...>.
1D98  32 07 65 C9 CD 96 47 D5  2.e...G.
1DA0  3A B6 63 47 CD 03 1D 2C  :.cG...,
1DA8  3A 07 64 4F C5 CD 96 47  :.dO...G
1DB0  3A 07 64 C1 B9 C2 9C 28  :.d....(
1DB8  3A B6 63 B8 C2 7B 24 E3  :.c..{$.
1DC0  1A ED A0 2B 77 23 10 F8  ...+w#..
1DC8  E1 C9 71 10 74 10 54 1A  ..q.t.T.
1DD0  76 1D 4E 1A 92 19 C6 1F  v.N.....
1DD8  32 00 06 FF CD 33 28 32  2....3(2
1DE0  00 61 78 FE AF C3 A2 17  .ax.....
1DE8  2A B3 60 22 FC 60 11 61  *.`".`.a
1DF0  62 62 6B 3E 06 CD 4A 10  bbk>..J.
1DF8  D5 7E 23 B7 28 0F FE 09  .\#.(...
1E00  28 2F FE 20 38 F3 FE 80  (/. 8...
1E08  30 27 CD 4A 10 12 13 B7  0'.J....
1E10  20 E7 ED 5B FC 60 2A B3   ..[.`*.
1E18  60 22 FC 60 2A B3 60 CD  `".`*.`.
1E20  FD 1C 30 07 3E 20 CD 4A  ..0.> .J
1E28  10 18 F1 D1 3E 1F C3 4A  ....>..J






1E30  10 3E 7F 32 B4 63 3E 09  .> 2.c>.
1E38  CD 4A 10 3A B4 63 18 CD  .J.:.c..
1E40  D5 C3 09 2E 7E FE 41 D8  ....\.A.
1E48  FE 5B 3F C9 CA A0 1C CD  .[?.....
1E50  98 28 2B CD 33 28 E5 2A  .(+.3(.*
1E58  B8 63 28 18 E1 CD 03 1D  .c(.....
1E60  2C D5 CD F2 2C E5 CD 23  ,...,..#
1E68  34 EB E1 2B CD 33 28 C2  4..+.3(.
1E70  63 24 E3 EB 7D 93 5F 7C  c$..}._|
1E78  9A 57 DA 7D 1C E5 2A 05  .W.}..*.
1E80  64 01 28 00 09 CD FD 1C  d.(.....
1E88  D2 7D 1C EB 22 58 62 E1  .}.."Xb.
1E90  22 B8 63 E1 C3 A0 1C 98  ".c.....
1E98  11 00 00 C4 96 47 22 EB  .....G".
1EA0  63 CD 25 24 C2 69 24 F9  c.%$.i$.
1EA8  D5 7E 23 F5 D5 7E 23 3C  .\#..\#<
1EB0  CD 5D 37 28 13 E3 E5 CD  .]7(....
1EB8  42 34 E1 CD 77 37 E1 CD  B4..w7..
1EC0  6E 37 E5 CD BD 37 18 1E  n7...7..
1EC8  CD 6E 37 E3 C5 4E 23 46  .n7..N#F
1ED0  C5 E3 CD E6 39 CD 1E 30  ....9..0
1ED8  F2 75 24 E3 C1 70 2B 71  .u$..p+q
1EE0  60 69 D1 CD EA 37 E1 C1  `i...7..
1EE8  90 CD 6E 37 28 09 EB 22  ..n7(.."
1EF0  5A 62 69 60 C3 CC 27 F9  Zbi`..'.
1EF8  22 F4 63 2A EB 63 7E FE  ".c*.c\.
1F00  2C C2 D0 27 CD 33 28 CD  ,..'.3(.
1F08  9B 1E 2A 5A 62 7D A4 3C  ..*Zb}.<
1F10  C9 03 5F 23 23 5F 7F 20  .._##_  
1F18  85 20 69 6E 83 00 03 86  . in....
1F20  4F 6B 1D 00 06 1D 04 6D  Ok.....m
1F28  65 65 72 20 1C 85 46 6F  eer ..Fo
1F30  75 74 21 20 6F 70 6E 69  ut! opni
1F38  65 75 77 1D 00 00 00 00  euw.....
1F40  85 6B 6F 6D 6D 61 20 74  .komma t
1F48  65 76 65 65 6C 1D 00 00  eveel...
1F50  22 01 64 2A F2 63 22 03  ".d*.c".
1F58  64 C9 21 A4 18 11 90 60  d.!....`
1F60  01 5B 00 ED B0 C9 21 C7  .[....!.
1F68  23 11 00 62 01 61 00 ED  #..b.a..
1F70  B0 CD 56 10 21 27 64 22  ..V.!'d"
1F78  8F 64 21 1D 1F 22 5E 60  .d!.."^`
1F80  21 FF FF 22 5A 62 26 0E  !.."Zb&.
1F88  22 55 62 3A 5C 60 E6 03  "Ub:~`..
1F90  21 36 1A 32 15 60 85 6F  !6.2.`.o
1F98  66 2E FF 22 B8 63 2E CD  f..".c..
1FA0  22 58 62 CD 8C 1C 21 19  "Xb...!.
1FA8  10 CD 81 4A 2A 58 62 11  ...J*Xb.
1FB0  A9 9A 19 CD 9A 3E 21 CF  .....>!.
1FB8  1F CD 81 4A 3E 07 DF 3E  ...J>..>
1FC0  00 C2 5F 1D E7 00 31 66  .._...1f
1FC8  62 CD CD 1C C3 03 25 83  b.....%.
1FD0  62 79 74 65 73 20 76 72  bytes vr
1FD8  69 6A 04 07 01 00 33 37  ij....37
1FE0  37 39 1E 37 3F 4E 01 18  79.7?N..
1FE8  84 30 8A 30 70 43 62 44  .0.0pCbD
1FF0  83 35 C4 43 D7 44 DD 44  .5.C.D.D
1FF8  6A 45 7F 45 F9 17 31 38  jE E..18
2000  AB 38 D7 38 24 39 28 4C  .8.8$9(L
2008  FC 49 02 4A 08 4A F6 4C  .I.J.J.L
2010  34 4C 44 4C 7D 4C 9A 4C  4LDL}L.L
2018  CB 4C D5 4C C5 4E 44 C6  .L.L.ND.
2020  4F 52 CE 45 58 54 C4 41  OR.EXT.A
2028  54 41 C9 4E 50 55 54 C4  TA.NPUT.
2030  49 4D D2 45 41 44 CC 45  IM.EAD.E
2038  54 C7 4F 54 4F D2 55 4E  T.OTO.UN






2040  C9 46 D2 45 53 54 4F 52  .F.ESTOR
2048  45 C7 4F 53 55 42 D2 45  E.OSUB.E
2050  54 55 52 4E D2 45 4D D3  TURN.EM.
2058  54 4F 50 C3 4F 4E 53 4F  TOP.ONSO
2060  4C 45 D7 49 44 54 48 C5  LE.IDTH.
2068  4C 53 45 D4 52 4F 4E D4  LSE.RON.
2070  52 4F 46 46 D3 57 41 50  ROFF.WAP
2078  C5 52 41 53 45 C4 45 46  .RASE.EF
2080  53 54 52 C4 45 46 49 4E  STR.EFIN
2088  54 C4 45 46 53 4E 47 C4  T.EFSNG.
2090  45 46 44 42 4C CC 49 4E  EFDBL.IN
2098  45 C5 44 49 54 C5 52 52  E.DIT.RR
20A0  4F 52 D2 45 53 55 4D 45  OR.ESUME
20A8  CF 55 54 CF 4E D7 41 49  .UT.N.AI
20B0  54 CC 50 52 49 4E 54 C4  T.PRINT.
20B8  45 46 D0 4F 4B 45 D0 52  EF.OKE.R
20C0  49 4E 54 C3 4F 4E 54 CC  INT.ONT.
20C8  49 53 54 CC 4C 49 53 54  IST.LIST
20D0  C4 45 4C 45 54 45 C1 55  .ELETE.U
20D8  54 4F C3 4C 45 41 52 C3  TO.LEAR.
20E0  4C 4F 41 44 C3 53 41 56  LOAD.SAV
20E8  45 CE 45 57 D4 41 42 28  E.EW.AB(
20F0  D4 4F C6 4E D3 50 43 28  .O.N.PC(
20F8  D5 53 49 4E 47 D6 41 52  .SING.AR
2100  50 54 52 D5 53 52 C5 52  PTR.SR.R
2108  4C C5 52 52 D3 54 52 49  L.RR.TRI
2110  4E 47 24 C9 4E 53 54 52  NG$.NSTR
2118  D4 48 45 4E CE 4F 54 D3  .HEN.OT.
2120  54 45 50 AB AD AA AF DE  TEP.....
2128  C1 4E 44 CF 52 D8 4F 52  .ND.R.OR
2130  C5 51 56 C9 4D 50 CD 4F  .QV.MP.O
2138  44 DC BE BD BC D3 47 4E  D.....GN
2140  C9 4E 54 C1 42 53 C6 52  .NT.BS.R
2148  45 C9 4E 50 CC 50 4F 53  E.NP.POS
2150  D0 4F 53 D3 51 52 D2 4E  .OS.QR.N
2158  44 CC 4F 47 C5 58 50 C3  D.OG.XP.
2160  4F 53 D3 49 4E D4 41 4E  OS.IN.AN
2168  C1 54 4E D0 45 45 4B C3  .TN.EEK.
2170  49 4E 54 C3 53 4E 47 C3  INT.SNG.
2178  44 42 4C C6 49 58 CC 45  DBL.IX.E
2180  4E CF 43 54 24 C8 45 58  N.CT$.EX
2188  24 D3 54 52 24 D6 41 4C  $.TR$.AL
2190  C1 53 43 C3 48 52 24 D3  .SC.HR$.
2198  50 41 43 45 24 CC 45 46  PACE$.EF
21A0  54 24 D2 49 47 48 54 24  T$.IGHT$
21A8  CD 49 44 24 A7 80 33 1D  .ID$..3.
21B0  2C 27 98 1E 3A 29 F1 2B  ,'..:).+
21B8  91 47 27 2C 5F 29 F4 28  .G',_).(
21C0  D4 28 A4 2A 16 1D E3 28  .(.*...(
21C8  12 29 3C 29 31 1D CD 32  .)<)1..2
21D0  D0 32 3C 29 96 1D 97 1D  .2<)....
21D8  9C 1D E4 1D 4D 28 50 28  ....M(P(
21E0  53 28 56 28 B4 2B 48 1A  S(V(.+H.
21E8  63 2A 19 2A A9 32 CC 29  c*.*.2.)
21F0  AF 32 DE 2A E5 30 11 34  .2.*.0.4
21F8  E7 2A 82 1D 36 33 31 33  .*..6313
2200  D5 33 6E 2A 4C 1E 7B 4E  .3n*L.{N
2208  5D 4E 8B 1C 79 79 7C 7C  ]N..yy||
2210  7F 50 46 3C 32 28 7A 7B   PF<2(z{
2218  D7 38 00 00 31 38 F2 38  .8..18.8
2220  AB 38 DB 3A D4 3A 1C 3C  .8.:.:.<
2228  76 3C 2A 38 4E 34 4B 34  v<*8N4K4
2230  C9 35 30 36 BD 37 E6 39  .506.7.9
2238  DA 39 06 3A 71 2E EA 37  .9.:q..7
2240  00 4E 45 58 54 20 77 69  .NEXT wi
2248  74 68 6F 75 74 20 46 4F  thout FO






2250  52 00 53 79 6E 74 61 78  R.Syntax
2258  20 65 72 72 6F 72 00 52   error.R
2260  45 54 55 52 4E 20 77 69  ETURN wi
2268  74 68 6F 75 74 20 47 4F  thout GO
2270  53 55 42 00 4F 75 74 20  SUB.Out 
2278  6F 66 20 44 41 54 41 00  of DATA.
2280  49 6C 6C 65 67 61 6C 20  Illegal 
2288  66 75 6E 63 74 69 6F 6E  function
2290  20 63 61 6C 6C 00 4F 76   call.Ov
2298  65 72 66 6C 6F 77 00 4F  erflow.O
22A0  75 74 20 6F 66 20 6D 65  ut of me
22A8  6D 6F 72 79 00 55 6E 64  mory.Und
22B0  65 66 69 6E 65 64 20 6C  efined l
22B8  69 6E 65 20 6E 75 6D 62  ine numb
22C0  65 72 00 53 75 62 73 63  er.Subsc
22C8  72 69 70 74 20 6F 75 74  ript out
22D0  20 6F 66 20 72 61 6E 67   of rang
22D8  65 00 52 65 64 69 6D 65  e.Redime
22E0  6E 73 69 6F 6E 65 64 20  nsioned 
22E8  61 72 72 61 79 00 44 69  array.Di
22F0  76 69 73 69 6F 6E 20 62  vision b
22F8  79 20 7A 65 72 6F 00 49  y zero.I
2300  6C 6C 65 67 61 6C 20 64  llegal d
2308  69 72 65 63 74 00 54 79  irect.Ty
2310  70 65 20 6D 69 73 6D 61  pe misma
2318  74 63 68 00 4F 75 74 20  tch.Out 
2320  6F 66 20 73 74 72 69 6E  of strin
2328  67 20 73 70 61 63 65 00  g space.
2330  53 74 72 69 6E 67 20 74  String t
2338  6F 6F 20 6C 6F 6E 67 00  oo long.
2340  53 74 72 69 6E 67 20 66  String f
2348  6F 72 6D 75 6C 61 20 74  ormula t
2350  6F 6F 20 63 6F 6D 70 6C  oo compl
2358  65 78 00 43 61 6E 27 74  ex.Can't
2360  20 63 6F 6E 74 69 6E 75   continu
2368  65 00 55 6E 64 65 66 69  e.Undefi
2370  6E 65 64 20 75 73 65 72  ned user
2378  20 66 75 6E 63 74 69 6F   functio
2380  6E 00 4E 6F 20 52 45 53  n.No RES
2388  55 4D 45 00 52 45 53 55  UME.RESU
2390  4D 45 20 77 69 74 68 6F  ME witho
2398  75 74 20 65 72 72 6F 72  ut error
23A0  00 55 6E 70 72 69 6E 74  .Unprint
23A8  61 62 6C 65 20 65 72 72  able err
23B0  6F 72 00 4D 69 73 73 69  or.Missi
23B8  6E 67 20 6F 70 65 72 61  ng opera
23C0  6E 64 00 3F 00 3F 00 C3  nd.?.?..
23C8  C6 1F D3 00 C9 D6 00 6F  .......o
23D0  7C DE 00 67 78 DE 00 47  |..gx..G
23D8  3E 00 C9 00 00 00 35 4A  >.....5J
23E0  CA 99 39 1C 76 98 22 95  ..9.v.".
23E8  B3 98 0A DD 47 98 53 D1  ....G.S.
23F0  99 99 0A 1A 9F 98 65 BC  ......e.
23F8  CD 98 D6 77 3E 98 52 C7  ...w>.R.
2400  4F 80 DB 00 C9 9C 28 9C  O.....(.
2408  28 9C 28 9C 28 9C 28 9C  (.(.(.(.
2410  28 9C 28 9C 28 9C 28 9C  (.(.(.(.
2418  28 00 00 00 50 38 00 AA  (...P8..
2420  65 FE FF 47 65 21 04 00  e..Ge!..
2428  39 7E 23 FE 81 C0 4E 23  9\#...N#
2430  46 23 E5 69 60 7A B3 EB  F#.i`z..
2438  CA 3F 24 EB CD FD 1C 01  .?$.....
2440  0E 00 E1 C8 09 C3 29 24  ......)$
2448  2A 5A 62 7C A5 3C CA 5A  *Zb|.<.Z
2450  24 3A FE 63 B7 1E 13 C2  $:.c....
2458  7D 24 C3 41 1D 2A E5 63  }$.A.*.c






2460  22 5A 62 1E 02 01 1E 0B  "Zb.....
2468  01 1E 01 01 1E 0A 01 1E  ........
2470  12 01 1E 14 01 1E 06 01  ........
2478  1E 16 01 1E 0D 2A 5A 62  .....*Zb
2480  22 F6 63 7C A5 3C CA 8C  ".c|.<..
2488  24 22 F8 63 01 95 24 2A  $".c..$*
2490  F4 63 C3 D8 1C C1 7B 4B  .c....{K
2498  32 52 62 2A F2 63 22 FA  2Rb*.c".
24A0  63 EB 2A F6 63 7C A5 3C  c.*.c|.<
24A8  CA B2 24 22 01 64 EB 22  ..$".d."
24B0  03 64 2A FC 63 7C B5 EB  .d*.c|..
24B8  21 FE 63 CA C7 24 A6 C2  !.c..$..
24C0  C7 24 35 EB C3 EE 27 AF  .$5...'.
24C8  77 59 32 57 62 CD 1D 1A  wY2Wb...
24D0  21 40 22 7B FE 19 DA DB  !@"{....
24D8  24 1E 15 CD 3C 29 23 1D  $...<)#.
24E0  C2 DB 24 E5 2A F6 63 E3  ..$.*.c.
24E8  3A 18 1F CD A9 19 CD 81  :.......
24F0  4A E1 11 FE FF CD FD 1C  J.......
24F8  7C A5 3C C4 92 3E CD 47  |.<..>.G
2500  10 3E C1 CD CB 19 AF 32  .>.....2
2508  57 62 CD 1D 1A 21 1E 1F  Wb...!..
2510  CD 81 4A 3A 52 62 D6 02  ..J:Rb..
2518  CC 3A 1A CD 6B 10 21 FF  .:..k.!.
2520  FF 22 5A 62 3A ED 63 B7  ."Zb:.c.
2528  CA 73 25 2A EE 63 E5 CD  .s%*.c..
2530  9A 3E D1 D5 CD 31 26 3E  .>...1&>
2538  2A DA 3E 25 3E 20 CD A9  *.>%> ..
2540  19 CD 68 10 CD 11 19 D1  ..h.....
2548  D2 59 25 AF 32 ED 63 C3  .Y%.2.c.
2550  03 25 AF 32 ED 63 C3 6E  .%.2.c.n
2558  25 2A F0 63 19 DA 52 25  %*.c..R%
2560  D5 11 F9 FF CD FD 1C D1  ........
2568  D2 52 25 22 EE 63 F6 FF  .R%".c..
2570  C3 2F 1C CD 11 19 DA 1B  ./......
2578  25 CD 33 28 3C 3D CA 1B  %.3(<=..
2580  25 F5 CD AC 28 2B 7E FE  %...(+\.
2588  20 CA 85 25 FE 09 CA 85   ..%....
2590  25 23 7E FE 20 CC 75 37  %#\. .u7
2598  D5 CD 47 10 CD 51 26 D1  ..G..Q&.
25A0  F1 22 F2 63 D2 13 28 D5  .".c..(.
25A8  C5 AF 32 E9 63 CD 33 28  ..2.c.3(
25B0  B7 F5 EB 22 F8 63 EB CD  ...".c..
25B8  31 26 DA C3 25 F1 F5 CA  1&..%...
25C0  0D 29 B7 C5 DC F6 33 D1  .)....3.
25C8  F1 D5 CA F1 25 D1 2A 05  ....%.*.
25D0  64 E3 C1 09 E5 CD 54 1C  d.....T.
25D8  E1 22 05 64 EB 74 D1 E5  .".d.t..
25E0  23 23 73 23 72 23 11 5F  ##s#r#._
25E8  62 1A 77 23 13 B7 C2 E9  b.w#....
25F0  25 D1 CD FB 25 CD 9C 1C  %...%...
25F8  C3 1B 25 62 6B 7E 23 B6  ..%bk\#.
2600  C8 23 23 23 AF BE 23 C2  .###..#.
2608  05 26 EB 73 23 72 C3 FB  .&.s#r..
2610  25 11 00 00 D5 CA 24 26  %.....$&
2618  D1 CD A1 28 D5 CA 2D 26  ...(..-&
2620  CD 03 1D BE 11 FA FF C4  ........
2628  A1 28 C2 63 24 EB D1 E3  .(.c$...
2630  E5 2A 5C 62 44 4D 7E 23  .*~bDM\#
2638  B6 2B C8 23 23 7E 23 66  .+.##\#f
2640  6F CD FD 1C 60 69 7E 23  o...`i\#
2648  66 6F 3F C8 3F D0 C3 34  fo?.?..4
2650  26 AF 32 B7 63 4F 11 5F  &.2.cO._
2658  62 7E FE 20 CA F5 26 47  b\. ..&G
2660  FE 22 CA 15 27 B7 CA 1C  ."..'...
2668  27 3A B7 63 B7 7E C2 F5  ':.c.\..






2670  26 FE 3F 3E A5 CA F5 26  &.?>...&
2678  7E FE 30 DA 83 26 FE 3C  \.0..&.<
2680  DA F5 26 D5 11 1B 20 C5  ..&... .
2688  01 D4 26 C5 06 7F 7E FE  ..&.. \.
2690  61 DA 9C 26 FE 7B D2 9C  a..&.{..
2698  26 E6 5F 77 4E EB 23 B6  &._wN.#.
26A0  F2 9E 26 04 7E E6 7F C8  ..&.\. .
26A8  B9 C2 9E 26 EB E5 13 1A  ...&....
26B0  B7 FA D0 26 4F 78 FE 88  ...&Ox..
26B8  C2 BF 26 CD 33 28 2B 23  ..&.3(+#
26C0  7E FE 61 DA C8 26 E6 5F  \.a..&._
26C8  B9 CA AE 26 E1 C3 9C 26  ...&...&
26D0  48 F1 EB C9 EB 79 C1 D1  H....y..
26D8  EB FE 92 36 3A C2 E2 26  ...6:..&
26E0  0C 23 FE EB C2 F4 26 36  .#....&6
26E8  3A 23 06 8E 70 23 EB 0C  :#..p#..
26F0  0C C3 15 27 EB 23 12 13  ...'.#..
26F8  0C D6 3A CA 03 27 FE 49  ..:..'.I
2700  C2 06 27 32 B7 63 D6 54  ..'2.c.T
2708  C2 59 26 47 7E B7 CA 1C  .Y&G\...
2710  27 B8 CA F5 26 23 12 0C  '...&#..
2718  13 C3 0C 27 21 05 00 44  ...'!..D
2720  09 44 4D 21 5E 62 12 13  .DM!^b..
2728  12 13 12 C9 3E 64 32 E7  ....>d2.
2730  63 CD 5F 29 C1 E5 CD 3A  c._)...:
2738  29 22 E3 63 21 02 00 39  )".c!..9
2740  CD 29 24 D1 C2 5F 27 09  .)$.._'.
2748  D5 2B 56 2B 5E 23 23 E5  .+V+^##.
2750  2A E3 63 CD FD 1C E1 C2  *.c.....
2758  40 27 D1 F9 22 F4 63 EB  @'..".c.
2760  0E 08 CD 65 1C E5 2A E3  ...e..*.
2768  63 E3 E5 2A 5A 62 E3 CD  c..*Zb..
2770  03 1D B0 CD 1E 30 CA 7B  .....0.{
2778  24 D2 7B 24 F5 CD F2 2C  $.{$...,
2780  F1 E5 F2 9B 27 CD 31 38  ....'.18
2788  E3 11 01 00 7E FE BC CC  ....\...
2790  E1 32 D5 E5 EB CD 49 37  .2....I7
2798  C3 BE 27 CD AB 38 CD 6B  ..'..8.k
27A0  37 E1 C5 D5 01 00 81 51  7......Q
27A8  5A 7E FE BC 3E 01 C2 BF  Z\..>...
27B0  27 CD F3 2C E5 CD AB 38  '..,...8
27B8  CD 6B 37 CD FC 36 E1 C5  .k7..6..
27C0  D5 4F CD 1E 30 47 C5 E5  .O..0G..
27C8  2A EB 63 E3 06 81 C5 33  *.c....3
27D0  CD 6B 10 CD 50 10 C4 62  .k..P..b
27D8  10 CD 47 10 22 F2 63 ED  ..G.".c.
27E0  73 F4 63 7E FE 3A CA 13  s.c\.:..
27E8  28 B7 C2 63 24 23 7E 23  (..c$#\#
27F0  B6 CA 48 24 23 5E 23 56  ..H$#^#V
27F8  EB 22 5A 62 3A 07 65 B7  ."Zb:.e.
2800  CA 12 28 D5 3E 5B CD A9  ..(.>[..
2808  19 CD 9A 3E 3E 5D CD A9  ...>>]..
2810  19 D1 EB CD 33 28 11 D0  ....3(..
2818  27 D5 C8 D6 80 DA 5F 29  '....._)
2820  FE 2F D2 94 32 07 4F 06  ./..2.O.
2828  00 EB 21 AE 21 09 4E 23  ..!.!.N#
2830  46 C5 EB 23 7E FE 3A D0  F..#\.:.
2838  FE 20 CA 33 28 FE 0B D2  . .3(...
2840  47 28 FE 09 D2 33 28 FE  G(...3(.
2848  30 3F 3C 3D C9 1E 03 01  0?<=....
2850  1E 02 01 1E 04 01 1E 08  ........
2858  CD 44 1E 01 63 24 C5 D8  .D..c$..
2860  D6 41 4F 47 CD 33 28 FE  .AOG.3(.
2868  BE C2 79 28 CD 33 28 CD  ..y(.3(.
2870  44 1E D8 D6 41 47 CD 33  D...AG.3
2878  28 78 91 D8 3C E3 21 0D  (x..<.!.






2880  64 06 00 09 73 23 3D C2  d...s#=.
2888  84 28 E1 7E FE 2C C0 CD  .(.\.,..
2890  33 28 C3 58 28 CD 33 28  3(.X(.3(
2898  CD E4 32 F0 1E 05 C3 7D  ..2....}
28A0  24 7E FE 2E EB 2A F8 63  $\...*.c
28A8  EB CA 33 28 2B 11 00 00  ..3(+...
28B0  CD 33 28 D0 E5 F5 21 98  .3(...!.
28B8  19 CD FD 1C DA D1 28 62  ......(b
28C0  6B 19 29 19 29 F1 D6 30  k.).)..0
28C8  5F 16 00 19 EB E1 C3 B0  _.......
28D0  28 F1 E1 C9 CD 65 10 CA  (....e..
28D8  9C 1C CD A0 1C 01 D0 27  .......'
28E0  C3 F3 28 0E 03 CD 65 1C  ..(...e.
28E8  C1 E5 E5 2A 5A 62 E3 3E  ...*Zb.>
28F0  8C F5 33 C5 CD AC 28 CD  ..3...(.
28F8  3C 29 E5 2A 5A 62 CD FD  <).*Zb..
2900  1C E1 23 DC 34 26 D4 31  ..#.4&.1
2908  26 60 69 2B D8 1E 08 C3  &`i+....
2910  7D 24 C0 16 FF CD 25 24  }$....%$
2918  F9 22 F4 63 FE 8C 1E 03  .".c....
2920  C2 7D 24 E1 22 5A 62 23  .}$."Zb#
2928  7C B5 C2 34 29 3A E9 63  |..4):.c
2930  B7 C2 02 25 21 D0 27 E3  ...%!.'.
2938  3E E1 01 3A 0E 00 06 00  >..:....
2940  79 48 47 7E B7 C8 B8 C8  yHG\....
2948  23 FE 22 CA 40 29 D6 8A  #.".@)..
2950  C2 43 29 B8 8A 57 C3 43  .C)..W.C
2958  29 F1 C6 03 C3 74 29 CD  )....t).
2960  96 47 CD 03 1D CA EB 22  .G....."
2968  EB 63 EB D5 3A B6 63 F5  .c..:.c.
2970  CD F2 2C F1 E3 47 3A B6  ..,..G:.
2978  63 B8 78 CA 84 29 CD 5E  c.x..).^
2980  32 3A B6 63 11 0D 65 FE  2:.c..e.
2988  05 DA 8F 29 11 09 65 E5  ...)..e.
2990  FE 03 C2 C6 29 2A 0D 65  ....)*.e
2998  E5 23 5E 23 56 2A 5C 62  .#^#V*~b
29A0  CD FD 1C D2 BA 29 2A 09  .....)*.
29A8  64 CD FD 1C D1 D2 C2 29  d......)
29B0  21 DA 63 CD FD 1C D2 C2  !.c.....
29B8  29 3E D1 CD 18 4C EB CD  )>...L..
29C0  15 4A CD 18 4C E3 CD 80  .J..L...
29C8  37 D1 E1 C9 FE 9D C2 FB  7.......
29D0  29 CD 33 28 CD 03 1D 88  ).3(....
29D8  CD AC 28 7A B3 CA E9 29  ..(z...)
29E0  CD 2F 26 50 59 E1 D2 0D  ./&PY...
29E8  29 EB 22 FC 63 EB D8 3A  ).".c..:
29F0  FE 63 B7 C8 3A 52 62 5F  .c..:Rb_
29F8  C3 8C 24 CD 03 33 7E 47  ..$..3\G
2A00  FE 8C CA 0A 2A CD 03 1D  ....*...
2A08  88 2B 4B 0D 78 CA 1B 28  .+K.x..(
2A10  CD AD 28 FE 2C C0 C3 0B  ..(.,...
2A18  2A 11 FE 63 1A B7 CA 72  *..c...r
2A20  24 3C 32 52 62 12 7E FE  $<2Rb.\.
2A28  82 CA 39 2A CD AC 28 C0  ..9*..(.
2A30  7A B3 C2 F7 28 3C C3 3D  z...(<.=
2A38  2A CD 33 28 C0 2A FA 63  *.3(.*.c
2A40  EB 2A F6 63 22 5A 62 EB  .*.c"Zb.
2A48  C0 7E B7 C2 52 2A 23 23  .\..R*##
2A50  23 23 23 7A A3 3C C2 3A  ###z.<.:
2A58  29 3A E9 63 3D CA 3E 1D  ):.c=.>.
2A60  C3 3A 29 CD 03 33 C0 B7  .:)..3..
2A68  CA 9C 28 C3 7D 24 11 0A  ..(.}$..
2A70  00 D5 CA 90 2A CD A1 28  ....*..(
2A78  EB E3 CA 91 2A EB CD 03  ....*...
2A80  1D 2C EB 2A F0 63 EB CA  .,.*.c..
2A88  90 2A CD AC 28 C2 63 24  .*..(.c$






2A90  EB 7C B5 CA 9C 28 22 F0  .|...(".
2A98  63 32 ED 63 E1 22 EE 63  c2.c.".c
2AA0  C1 C3 1B 25 CD F2 2C 7E  ...%..,\
2AA8  FE 2C CC 33 28 FE 88 CA  .,.3(...
2AB0  B7 2A CD 03 1D BA 2B E5  .*....+.
2AB8  CD 3D 37 E1 CA C8 2A CD  .=7...*.
2AC0  33 28 DA F4 28 C3 1A 28  3(..(..(
2AC8  16 01 CD 3A 29 B7 C8 CD  ...:)...
2AD0  33 28 FE 92 C2 CA 2A 15  3(....*.
2AD8  C2 CA 2A C3 BF 2A 3E 01  ..*..*>.
2AE0  32 54 62 2B CD 33 28 CC  2Tb+.3(.
2AE8  2A 1A CA AF 2B FE B3 CA  *...+...
2AF0  CB 45 FE AF CA 78 2B FE  .E...x+.
2AF8  B2 CA 78 2B E5 FE 2C CA  ..x+..,.
2B00  4D 2B FE 3B CA A8 2B C1  M+.;..+.
2B08  CD F2 2C E5 CD 1E 30 CA  ..,...0.
2B10  46 2B CD A9 3E CD 39 4A  F+..>.9J
2B18  36 20 2A 0D 65 34 2A 0D  6 *.e4*.
2B20  65 3A 54 62 B7 CA 31 2B  e:Tb..1+
2B28  3A 53 62 86 FE 50 C3 3F  :Sb..P.?
2B30  2B 3A 55 62 47 3C CA 42  +:UbG<.B
2B38  2B 3A B4 63 86 3D B8 D4  +:.c.=..
2B40  2A 1A CD 84 4A B7 CC 84  *...J...
2B48  4A E1 C3 E3 2A 3A 54 62  J...*:Tb
2B50  B7 CA 5C 2B 3A 53 62 FE  ..~+:Sb.
2B58  38 C3 69 2B 3A 56 62 47  8.i+:VbG
2B60  3A B4 63 FE FF CA 6F 2B  :.c...o+
2B68  B8 D4 2A 1A D2 A8 2B D6  ..*...+.
2B70  0E D2 6F 2B 2F C3 9D 2B  ..o+/..+
2B78  F5 CD 00 33 CD 03 1D 29  ...3...)
2B80  2B F1 D6 B2 E5 CA 98 2B  +......+
2B88  3A 54 62 B7 CA 95 2B 3A  :Tb...+:
2B90  53 62 C3 98 2B 3A B4 63  Sb..+:.c
2B98  2F 83 D2 A8 2B 3C 47 3E  /...+<G>
2BA0  20 CD A9 19 05 C2 A1 2B   ......+
2BA8  E1 CD 33 28 C3 EA 2A AF  ..3(..*.
2BB0  32 54 62 C9 CD 03 1D 84  2Tb.....
2BB8  CD 78 32 7E CD FD 2B CD  .x2\..+.
2BC0  96 47 CD F2 38 D5 E5 CD  .G..8...
2BC8  68 10 CD 11 19 D1 C1 DA  h.......
2BD0  3E 1D C5 D5 06 00 CD 3C  >......<
2BD8  4A E1 3E 03 C3 74 29 3A  J.>..t):
2BE0  EA 63 B7 C2 5D 24 C1 21  .c..]$.!
2BE8  2D 1F CD 81 4A 2A F2 63  -...J*.c
2BF0  C9 CD 78 32 7E CD 78 32  ..x2\.x2
2BF8  7E 01 12 2C C5 FE 22 3E  \..,..">
2C00  00 32 57 62 C0 CD 3A 4A  .2Wb..:J
2C08  CD 03 1D 3B E5 CD 84 4A  ...;...J
2C10  E1 C9 E5 CD 00 19 C1 DA  ........
2C18  3E 1D 23 7E B7 2B C5 CA  >.#\.+..
2C20  39 29 36 2C C3 2C 2C E5  9)6,.,,.
2C28  2A 0B 64 F6 AF 32 EA 63  *.d..2.c
2C30  E3 C3 38 2C CD 03 1D 2C  ..8,...,
2C38  CD 96 47 E3 D5 7E FE 2C  ..G..\.,
2C40  CA 60 2C 3A EA 63 B7 C2  .`,:.c..
2C48  C3 2C 3E 3F CD A9 19 CD  .,>?....
2C50  00 19 D1 C1 DA 3E 1D 23  .....>.#
2C58  7E B7 2B C5 CA 39 29 D5  \.+..9).
2C60  CD 1E 30 F5 C2 8D 2C CD  ..0...,.
2C68  33 28 57 47 FE 22 CA 7E  3(WG.".\
2C70  2C 3A EA 63 B7 57 CA 7B  ,:.c.W.{
2C78  2C 16 3A 06 2C 2B CD 3D  ,.:.,+.=
2C80  4A F1 C6 03 EB 21 9C 2C  J....!.,
2C88  E3 D5 C3 75 29 CD 33 28  ...u).3(
2C90  F1 F5 01 81 2C C5 DA 0B  ....,...
2C98  3D D2 04 3D 2B CD 33 28  =..=+.3(






2CA0  CA A8 2C FE 2C C2 DF 2B  ..,.,..+
2CA8  E3 2B CD 33 28 C2 34 2C  .+.3(.4,
2CB0  D1 3A EA 63 B7 EB C2 2C  .:.c...,
2CB8  1D D5 B6 21 40 1F C4 81  ...!@...
2CC0  4A E1 C9 CD 3A 29 B7 C2  J...:)..
2CC8  DC 2C 23 7E 23 B6 1E 04  .,#\#...
2CD0  CA 7D 24 23 5E 23 56 EB  .}$#^#V.
2CD8  22 E5 63 EB CD 33 28 FE  ".c..3(.
2CE0  83 C2 C3 2C C3 60 2C CD  ...,.`,.
2CE8  03 1D CA C3 F2 2C CD 03  .....,..
2CF0  1D 28 2B 16 00 D5 0E 01  .(+.....
2CF8  CD 65 1C CD 80 2E 22 FF  .e....".
2D00  63 2A FF 63 C1 7E 22 DF  c*.c.\".
2D08  63 FE BD D8 FE CC D0 FE  c.......
2D10  C9 D2 7C 2D D6 BD 5F C2  ..|-.._.
2D18  23 2D 3A B6 63 FE 03 7B  #-:.c..{
2D20  CA AD 4B 21 0C 22 16 00  ..K!."..
2D28  19 78 56 BA D0 C5 01 01  .xV.....
2D30  2D C5 7A FE 7F CA 9A 2D  -.z. ..-
2D38  FE 51 DA A8 2D E6 FE FE  .Q..-...
2D40  7A CA A8 2D 21 0D 65 3A  z..-!.e:
2D48  B6 63 3D 3D 3D CA 7B 24  .c===.{$
2D50  B7 4E 23 46 C5 FA 6D 2D  .N#F..m-
2D58  23 4E 23 46 C5 E2 6D 2D  #N#F..m-
2D60  23 21 09 65 4E 23 46 23  #!.eN#F#
2D68  C5 4E 23 46 C5 C6 03 4B  .N#F...K
2D70  47 C5 01 D1 2D C5 2A DF  G...-.*.
2D78  63 C3 F5 2C 16 00 D6 C9  c..,....
2D80  DA B4 2D FE 03 D2 B4 2D  ..-....-
2D88  FE 01 17 AA BA 57 DA 63  .....W.c
2D90  24 22 DF 63 CD 33 28 C3  $".c.3(.
2D98  7E 2D CD AB 38 CD 50 37  \-..8.P7
2DA0  01 7C 43 16 7F C3 75 2D  .|C. .u-
2DA8  D5 CD 31 38 D1 E5 01 2F  ..18.../
2DB0  30 C3 75 2D 78 FE 64 D0  0.u-x.d.
2DB8  C5 D5 11 04 64 21 FC 2F  ....d!./
2DC0  E5 CD 1E 30 C2 44 2D 2A  ...0.D-*
2DC8  0D 65 E5 01 CF 49 C3 75  .e...I.u
2DD0  2D C1 79 32 B7 63 3A B6  -.y2.c:.
2DD8  63 B8 C2 EA 2D FE 02 CA  c...-...
2DE0  06 2E FE 04 CA 54 2E D2  .....T..
2DE8  19 2E 57 78 FE 08 CA 16  ..Wx....
2DF0  2E 7A FE 08 CA 3D 2E 78  .z...=.x
2DF8  FE 04 CA 51 2E 7A FE 03  ...Q.z..
2E00  CA 7B 24 D2 5C 2E 21 36  .{$.~.!6
2E08  22 06 00 09 09 4E 23 46  "....N#F
2E10  D1 2A 0D 65 C5 C9 CD D7  .*.e....
2E18  38 CD AB 37 E1 22 0B 65  8..7.".e
2E20  E1 22 09 65 C1 D1 CD 60  .".e...`
2E28  37 CD D7 38 21 22 22 3A  7..8!"":
2E30  B7 63 07 85 6F 8C 95 67  .c..o..g
2E38  7E 23 66 6F E9 C5 CD AB  \#fo....
2E40  37 F1 32 B6 63 FE 04 CA  7.2.c...
2E48  24 2E E1 22 0D 65 C3 29  $..".e.)
2E50  2E CD AB 38 C1 D1 21 2C  ...8..!,
2E58  22 C3 2F 2E E1 CD 50 37  "./...P7
2E60  CD CB 38 CD 6B 37 E1 22  ..8.k7."
2E68  0F 65 E1 22 0D 65 C3 56  .e.".e.V
2E70  2E E5 EB CD CB 38 E1 CD  .....8..
2E78  50 37 CD CB 38 C3 2E 36  P7..8..6
2E80  CD 33 28 CA 78 24 DA 0B  .3(.x$..
2E88  3D CD 45 1E D2 1D 2F FE  =.E.../.
2E90  BD CA 80 2E FE 2E CA 0B  ........
2E98  3D FE BE CA 0F 2F FE 22  =..../."
2EA0  CA 3A 4A FE BB CA 09 30  .:J....0
2EA8  FE 26 CA 3C 2F FE B7 C2  .&.</...






2EB0  BE 2E CD 33 28 3A 52 62  ...3(:Rb
2EB8  E5 CD 91 30 E1 C9 FE B6  ...0....
2EC0  C2 CF 2E CD 33 28 E5 2A  ....3(.*
2EC8  F6 63 CD B8 3A E1 C9 FE  .c..:...
2ED0  B4 C2 EE 2E CD 33 28 CD  .....3(.
2ED8  03 1D 28 CD 96 47 CD 03  ..(..G..
2EE0  1D 29 E5 EB 7C B5 CA 9C  .)..|...
2EE8  28 CD 93 38 E1 C9 FE B5  (..8....
2EF0  CA 97 30 FE B9 CA 1D 4D  ..0....M
2EF8  FE B8 CA 52 4C FE B1 CA  ...RL...
2F00  0E 31 D6 CC D2 A7 2F CD  .1..../.
2F08  EE 2C CD 03 1D 29 C9 16  .,...)..
2F10  7D CD F5 2C 2A FF 63 E5  }..,*.c.
2F18  CD 22 37 E1 C9 CD 96 47  ."7....G
2F20  E5 EB 22 0D 65 CD 1E 30  ..".e..0
2F28  C4 A5 37 E1 C9 7E FE 61  ..7..\.a
2F30  D8 FE 7B D0 E6 5F C9 FE  ..{.._..
2F38  26 C2 AC 28 11 00 00 CD  &..(....
2F40  33 28 CD 2E 2F FE 4F CA  3(../.O.
2F48  81 2F FE 48 C2 80 2F 06  ./.H../.
2F50  05 CD 33 28 CD 2E 2F CD  ..3(../.
2F58  45 1E EB D2 6B 2F FE 3A  E...k/.:
2F60  D2 A2 2F D6 30 DA A2 2F  ../.0../
2F68  C3 72 2F FE 47 D2 A2 2F  .r/.G../
2F70  D6 37 29 29 29 29 B5 6F  .7)))).o
2F78  05 CA 75 24 EB C3 51 2F  ..u$..Q/
2F80  2B CD 33 28 EB D2 A2 2F  +.3(.../
2F88  FE 38 D2 63 24 01 75 24  .8.c$.u$
2F90  C5 29 D8 29 D8 29 D8 C1  .).).)..
2F98  06 00 D6 30 4F 09 EB C3  ...0O...
2FA0  81 2F CD 93 38 EB C9 06  ./..8...
2FA8  00 07 4F C5 CD 33 28 79  ..O..3(y
2FB0  FE 37 DA CE 2F CD EE 2C  .7../..,
2FB8  CD 03 1D 2C CD F2 38 EB  ...,..8.
2FC0  2A 0D 65 E3 E5 EB CD 03  *.e.....
2FC8  33 EB E3 C3 E3 2F CD 07  3..../..
2FD0  2F E3 7D FE 0E DA DF 2F  /.}..../
2FD8  FE 1D E5 DC AB 38 E1 11  .....8..
2FE0  1B 2F D5 01 DE 1F 09 4E  ./.....N
2FE8  23 66 69 E9 15 FE BE C8  #fi.....
2FF0  FE 2D C8 14 FE 2B C8 FE  .-...+..
2FF8  BD C8 2B C9 3C 8F C1 A0  ..+.<...
3000  C6 FF 9F CD 36 37 C3 1B  ....67..
3008  30 16 5A CD F5 2C CD 31  0.Z..,.1
3010  38 7D 2F 6F 7C 2F 67 22  8}/o|/g"
3018  0D 65 C1 C3 01 2D 3A B6  .e...-:.
3020  63 FE 08 D2 2B 30 D6 03  c...+0..
3028  B7 37 C9 D6 03 B7 C9 C5  .7......
3030  CD 31 38 F1 D1 FE 7A CA  .18...z.
3038  C2 3A FE 7B CA 5D 3A 01  .:.{.]:.
3040  93 30 C5 FE 46 C2 4E 30  .0..F.N0
3048  7B B5 6F 7C B2 C9 FE 50  {.o|...P
3050  C2 59 30 7B A5 6F 7C A2  .Y0{.o|.
3058  C9 FE 3C C2 64 30 7B AD  ..<.d0{.
3060  6F 7C AA C9 FE 32 C2 71  o|...2.q
3068  30 7B AD 2F 6F 7C AA 2F  0{./o|./
3070  C9 7D 2F A3 2F 6F 7C 2F  .}/./o|/
3078  A2 2F C9 7D 93 6F 7C 9A  ./.}.o|.
3080  67 C3 B8 3A 3A 53 62 C3  g..::Sb.
3088  90 30 CD 47 10 3A B4 63  .0.G.:.c
3090  3C 6F AF 67 C3 93 38 CD  <o.g..8.
3098  B6 30 D5 CD 07 2F E3 4E  .0.../.N
30A0  23 46 21 1E 36 E5 C5 3A  #F!.6..:
30A8  B6 63 F5 FE 03 CC FA 4B  .c.....K
30B0  F1 EB 21 0D 65 C9 CD 33  ..!.e..3
30B8  28 01 00 00 D2 C7 30 D6  (.....0.






30C0  30 B7 17 4F CD 33 28 EB  0..O.3(.
30C8  21 3E 62 09 EB C9 CD B6  !>b.....
30D0  30 D5 CD 03 1D CA CD F2  0.......
30D8  2C E5 CD 23 34 EB E1 E3  ,..#4...
30E0  73 23 72 E1 C9 FE B5 CA  s#r.....
30E8  CE 30 CD 86 32 CD 78 32  .0..2.x2
30F0  EB 73 23 72 EB 7E FE 28  .s#r.\.(
30F8  C2 3A 29 CD 33 28 CD 96  .:).3(..
3100  47 7E FE 29 CA 3A 29 CD  G\.).:).
3108  03 1D 2C C3 FE 30 CD 86  ..,..0..
3110  32 3A B6 63 B7 F5 22 FF  2:.c..".
3118  63 EB 7E 23 66 6F B4 CA  c.\#fo..
3120  6F 24 7E FE 28 C2 D0 31  o$\.(..1
3128  CD 33 28 22 DF 63 EB 2A  .3(".c.*
3130  FF 63 CD 03 1D 28 AF F5  .c...(..
3138  E5 EB 3E 80 32 E7 63 CD  ..>.2.c.
3140  96 47 EB E3 3A B6 63 F5  .G..:.c.
3148  D5 CD F2 2C 22 FF 63 E1  ...,".c.
3150  22 DF 63 F1 CD 5E 32 0E  ".c..^2.
3158  04 CD 65 1C 21 F8 FF 39  ..e.!..9
3160  F9 CD AE 37 3A B6 63 F5  ...7:.c.
3168  2A FF 63 7E FE 29 CA 84  *.c\.)..
3170  31 CD 03 1D 2C E5 2A DF  1...,.*.
3178  63 CD 03 1D 2C C3 3A 31  c...,.:1
3180  F1 32 91 64 F1 B7 CA C1  .2.d....
3188  31 32 B6 63 21 00 00 39  12.c!..9
3190  CD A5 37 21 08 00 39 F9  ..7!..9.
3198  D1 2E 03 1B 1B 1B 3A B6  ......:.
31A0  63 85 47 3A 91 64 4F 80  c.G:.dO.
31A8  FE 64 D2 9C 28 F5 7D 06  .d..(.}.
31B0  00 21 93 64 09 4F CD 72  .!.d.O.r
31B8  32 01 80 31 C5 C5 C3 81  2..1....
31C0  29 2A FF 63 CD 33 28 E5  )*.c.3(.
31C8  2A DF 63 CD 03 1D 29 3E  *.c...)>
31D0  D5 22 DF 63 3A 29 64 C6  .".c:)d.
31D8  04 F5 0F 4F CD 65 1C F1  ...O.e..
31E0  4F 2F 3C 6F 26 FF 39 F9  O/<o&.9.
31E8  E5 11 27 64 CD 72 32 E1  ..'d.r2.
31F0  22 27 64 2A 91 64 22 29  "'d*.d")
31F8  64 44 4D 21 2B 64 11 93  dDM!+d..
3200  64 CD 72 32 67 6F 22 91  d.r2go".
3208  64 2A FD 64 23 22 FD 64  d*.d#".d
3210  7C B5 32 FA 64 2A DF 63  |.2.d*.c
3218  CD E7 2C 2B CD 33 28 C2  ..,+.3(.
3220  63 24 CD 1E 30 C2 3A 32  c$..0.:2
3228  11 DA 63 2A 0D 65 CD FD  ..c*.e..
3230  1C DA 3A 32 CD 15 4A CD  ..:2..J.
3238  5F 4A 2A 27 64 54 5D 23  _J*'dT]#
3240  23 4E 23 46 03 03 03 03  #N#F....
3248  21 27 64 CD 72 32 EB F9  !'d.r2..
3250  2A FD 64 2B 22 FD 64 7C  *.d+".d|
3258  B5 32 FA 64 E1 F1 E5 E6  .2.d....
3260  07 21 18 22 4F 06 00 09  .!."O...
3268  CD E6 2F E1 C9 1A 77 23  ../...w#
3270  13 0B 78 B1 C2 6D 32 C9  ..x..m2.
3278  E5 2A 5A 62 23 7C B5 E1  .*Zb#|..
3280  C0 1E 0C C3 7D 24 CD 03  ....}$..
3288  1D B1 3E 80 32 E7 63 B6  ..>.2.c.
3290  4F C3 9B 47 FE 6A C2 63  O..G.j.c
3298  24 23 C3 B2 4D CD 06 33  $#..M..3
32A0  32 3C 62 CD 3B 62 C3 91  2<b.;b..
32A8  30 CD F0 32 C3 03 62 CD  0..2..b.
32B0  F0 32 F5 1E 00 2B CD 33  .2...+.3
32B8  28 CA C3 32 CD 03 1D 2C  (..2...,
32C0  CD 03 33 C1 CD 3B 62 AB  ..3..;b.
32C8  A0 CA C4 32 C9 C3 63 24  ...2..c$






32D0  C3 6E 10 D6 0E D2 D3 32  .n.....2
32D8  C6 1C 2F 3C 83 32 56 62  ../<.2Vb
32E0  C9 CD 33 28 CD F2 2C E5  ..3(..,.
32E8  CD 31 38 EB E1 7A B7 C9  .18..z..
32F0  CD 03 33 32 3C 62 32 04  ..32<b2.
32F8  62 CD 03 1D 2C C3 03 33  b...,..3
3300  CD 33 28 CD F2 2C CD E7  .3(..,..
3308  32 C2 9C 28 2B CD 33 28  2..(+.3(
3310  7B C9 2A 5C 62 22 05 64  {.*~b".d
3318  21 00 80 5E 23 56 23 23  !..^#V##
3320  22 5C 62 EB 22 B8 63 22  "~b.".c"
3328  58 62 01 D0 27 C5 C3 9C  Xb..'...
3330  1C 3E 01 32 54 62 C1 CD  .>.2Tb..
3338  11 26 C5 21 FF FF 22 5A  .&.!.."Z
3340  62 E1 D1 4E 23 46 23 78  b..N#F#x
3348  B1 CA 03 25 CD 62 10 C5  ...%.b..
3350  4E 23 46 23 C5 E3 EB CD  N#F#....
3358  FD 1C C1 DA 02 25 E3 E5  .....%..
3360  C5 EB 22 F8 63 CD 9A 3E  ..".c..>
3368  E1 7E FE 09 CA 74 33 3E  .\...t3>
3370  20 CD A9 19 CD 8D 33 21   .....3!
3378  61 62 CD 83 33 CD 2A 1A  ab..3.*.
3380  C3 3B 33 7E B7 C8 CD 39  .;3\...9
3388  1C 23 C3 83 33 01 61 62  .#..3.ab
3390  16 FF C3 98 33 03 15 C8  ....3...
3398  7E B7 23 02 C8 F2 95 33  \.#....3
33A0  FE EB C2 AD 33 0B 0B 0B  ....3...
33A8  0B 14 14 14 14 FE 92 CC  ........
33B0  22 39 D6 7F E5 5F 21 1C  "9. ._!.
33B8  20 7E B7 23 F2 B9 33 1D   \.#..3.
33C0  C2 B9 33 E6 7F 02 03 15  ..3. ...
33C8  CA B6 4A 7E 23 B7 F2 C5  ..J\#...
33D0  33 E1 C3 98 33 CD 11 26  3...3..&
33D8  D1 C5 C5 CD 31 26 D2 E8  ....1&..
33E0  33 54 5D E3 E5 CD FD 1C  3T].....
33E8  D2 9C 28 21 1E 1F CD 81  ..(!....
33F0  4A C1 21 F1 25 E3 EB 2A  J.!.%..*
33F8  05 64 1A 02 03 13 CD FD  .d......
3400  1C C2 FA 33 60 69 22 05  ...3`i".
3408  64 C9 CD 23 34 7E C3 91  d..#4\..
3410  30 CD F2 2C E5 CD 23 34  0..,..#4
3418  E3 CD 03 1D 2C CD 03 33  ....,..3
3420  D1 12 C9 01 31 38 C5 CD  ....18..
3428  1E 30 F8 3A 10 65 FE 90  .0.:.e..
3430  C0 3A 0F 65 B7 F8 01 80  .:.e....
3438  91 11 00 00 C3 4E 34 21  .....N4!
3440  BD 42 CD 6E 37 C3 4E 34  .B.n7.N4
3448  CD 6E 37 CD 2B 37 78 B7  .n7.+7x.
3450  C8 3A 10 65 B7 CA 60 37  .:.e..`7
3458  90 D2 68 34 2F 3C EB CD  ..h4/<..
3460  50 37 EB CD 60 37 C1 D1  P7..`7..
3468  FE 19 D0 F5 CD 8D 37 67  ......7g
3470  F1 CD 28 35 7C B7 21 0D  ..(5|.!.
3478  65 F2 8F 34 CD 08 35 D2  e..4..5.
3480  E9 34 23 34 CA 75 24 2E  .4#4.u$.
3488  01 CD 4F 35 C3 E9 34 AF  ..O5..4.
3490  90 47 7E 9B 5F 23 7E 9A  .G\._#\.
3498  57 23 7E 99 4F DC 14 35  W#\.O..5
34A0  68 63 AF 47 79 B7 C2 D4  hc.Gy...
34A8  34 4A 54 65 6F 78 D6 08  4JTeox..
34B0  FE E0 C2 A3 34 AF 32 10  ....4.2.
34B8  65 C9 7C B5 B2 C2 CC 34  e.|....4
34C0  79 05 17 D2 C1 34 04 1F  y....4..
34C8  4F C3 D7 34 05 29 7A 17  O..4.)z.
34D0  57 79 8F 4F F2 BA 34 78  Wy.O..4x
34D8  5C 45 B7 CA E9 34 21 10  ~E...4!.






34E0  65 86 77 D2 B5 34 CA B5  e.w..4..
34E8  34 78 21 10 65 B7 FC FB  4x!.e...
34F0  34 46 23 7E E6 80 A9 4F  4F#\...O
34F8  C3 60 37 1C C0 14 C0 0C  .`7.....
3500  C0 0E 80 34 C0 C3 75 24  ...4..u$
3508  7E 83 5F 23 7E 8A 57 23  \._#\.W#
3510  7E 89 4F C9 21 11 65 7E  \.O.!.e\
3518  2F 77 AF 6F 90 47 7D 9B  /w.o.G}.
3520  5F 7D 9A 57 7D 99 4F C9  _}.W}.O.
3528  06 00 D6 08 DA 37 35 43  .....75C
3530  5A 51 0E 00 C3 2A 35 C6  ZQ...*5.
3538  09 6F 7A B3 B0 C2 4B 35  .oz...K5
3540  79 2D C8 1F 4F D2 41 35  y-..O.A5
3548  C3 51 35 AF 2D C8 79 1F  .Q5.-.y.
3550  4F 7A 1F 57 7B 1F 5F 78  Oz.W{._x
3558  1F 47 C3 4B 35 00 00 00  .G.K5...
3560  81 04 9A F7 19 83 24 63  ......$c
3568  43 83 75 CD 8D 84 A9 7F  C.u.... 
3570  83 82 04 00 00 00 81 E2  ........
3578  B0 4D 83 0A 72 11 83 F4  .M..r...
3580  04 35 7F CD FC 36 B7 EA  .5 ..6..
3588  9C 28 CD 96 35 01 31 80  .(..5.1.
3590  11 18 72 C3 C9 35 CD 6B  ..r..5.k
3598  37 3E 80 32 10 65 A8 F5  7>.2.e..
35A0  CD 50 37 21 61 35 CD 41  .P7!a5.A
35A8  44 C1 E1 CD 50 37 EB CD  D...P7..
35B0  60 37 21 72 35 CD 41 44  `7!r5.AD
35B8  C1 D1 CD 30 36 F1 CD 50  ...06..P
35C0  37 CD 0B 37 C1 D1 C3 4E  7..7...N
35C8  34 CD FC 36 C8 2E 00 CD  4..6....
35D0  BA 36 79 32 43 65 EB 22  .6y2Ce."
35D8  44 65 01 00 00 50 58 21  De...PX!
35E0  A0 34 E5 21 EB 35 E5 E5  .4.!.5..
35E8  21 0D 65 7E 23 B7 CA 20  !.e\#.. 
35F0  36 E5 2E 08 1F 67 79 D2  6....gy.
35F8  05 36 E5 2A 44 65 19 EB  .6.*De..
3600  E1 3A 43 65 89 1F 4F 7A  .:Ce..Oz
3608  1F 57 7B 1F 5F 78 1F 47  .W{._x.G
3610  E6 10 CA 19 36 78 F6 20  ....6x. 
3618  47 2D 7C C2 F4 35 E1 C9  G-|..5..
3620  43 5A 51 4F C9 CD 50 37  CZQO..P7
3628  21 66 3C CD 5D 37 C1 D1  !f<.]7..
3630  CD FC 36 CA 66 24 2E FF  ..6.f$..
3638  CD BA 36 34 34 2B 7E 32  ..644+\2
3640  0F 62 2B 7E 32 0B 62 2B  .b+\2.b+
3648  7E 32 07 62 41 EB AF 4F  \2.bA..O
3650  57 5F 32 12 62 E5 C5 7D  W_2.b..}
3658  CD 06 62 DE 00 3F D2 68  ..b..?.h
3660  36 32 12 62 F1 F1 37 D2  62.b..7.
3668  C1 E1 79 3C 3D 1F F2 86  ..y<=...
3670  36 17 3A 12 62 1F E6 C0  6.:.b...
3678  F5 78 B4 B5 CA 81 36 3E  .x....6>
3680  20 E1 B4 C3 EA 34 17 7B   ....4.{
3688  17 5F 7A 17 57 79 17 4F  ._z.Wy.O
3690  29 78 17 47 3A 12 62 17  )x.G:.b.
3698  32 12 62 79 B2 B3 C2 55  2.by...U
36A0  36 E5 21 10 65 35 E1 C2  6.!.e5..
36A8  55 36 C3 B5 34 3E FF 2E  U6..4>..
36B0  AF 21 19 65 4E 23 AE 47  .!.eN#.G
36B8  2E 00 78 B7 CA DE 36 7D  ..x...6}
36C0  21 10 65 AE 80 47 1F A8  !.e..G..
36C8  78 F2 DD 36 C6 80 77 CA  x..6..w.
36D0  1E 36 CD 8D 37 77 2B C9  .6..7w+.
36D8  CD FC 36 2F E1 B7 E1 F2  ..6/....
36E0  B5 34 C3 75 24 CD 6B 37  .4.u$.k7
36E8  78 B7 C8 C6 02 DA 75 24  x.....u$






36F0  47 CD 4E 34 21 10 65 34  G.N4!.e4
36F8  C0 C3 75 24 3A 10 65 B7  ..u$:.e.
3700  C8 3A 0F 65 FE 2F 17 9F  .:.e./..
3708  C0 3C C9 06 88 11 00 00  .<......
3710  21 10 65 4F 70 06 00 23  !.eOp..#
3718  36 80 17 C3 9D 34 CD 3D  6....4.=
3720  37 F0 CD 1E 30 FA AD 3A  7...0..:
3728  CA 7B 24 21 0F 65 7E EE  .{$!.e\.
3730  80 77 C9 CD 3D 37 6F 17  .w..=7o.
3738  9F 67 C3 93 38 CD 1E 30  .g..8..0
3740  CA 7B 24 F2 FC 36 2A 0D  .{$..6*.
3748  65 7C B5 C8 7C C3 06 37  e|..|..7
3750  EB 2A 0D 65 E3 E5 2A 0F  .*.e..*.
3758  65 E3 E5 EB C9 CD 6E 37  e.....n7
3760  EB 22 0D 65 60 69 22 0F  .".e`i".
3768  65 EB C9 21 0D 65 5E 23  e..!.e^#
3770  56 23 4E 23 46 23 C9 11  V#N#F#..
3778  0D 65 06 04 C3 84 37 EB  .e....7.
3780  3A B6 63 47 1A 77 13 23  :.cG.w.#
3788  05 C2 84 37 C9 21 0F 65  ...7.!.e
3790  7E 07 37 1F 77 3F 1F 23  \.7.w?.#
3798  23 77 79 07 37 1F 4F 1F  #wy.7.O.
37A0  AE C9 21 13 65 11 7F 37  ..!.e. 7
37A8  C3 B1 37 21 13 65 11 80  ..7!.e..
37B0  37 D5 11 0D 65 CD 1E 30  7...e..0
37B8  D8 11 09 65 C9 78 B7 CA  ...e.x..
37C0  FC 36 21 05 37 E5 CD FC  .6!.7...
37C8  36 79 C8 21 0F 65 AE 79  6y.!.e.y
37D0  F8 CD D7 37 1F A9 C9 23  ...7...#
37D8  78 BE C0 2B 79 BE C0 2B  x..+y..+
37E0  7A BE C0 2B 7B 96 C0 E1  z..+{...
37E8  E1 C9 7A AC 7C FA 06 37  ..z.|..7
37F0  BA C2 07 37 7D 93 C2 07  ...7}...
37F8  37 C9 21 13 65 CD 80 37  7.!.e..7
3800  11 1A 65 1A B7 CA FC 36  ..e....6
3808  21 05 37 E5 CD FC 36 1B  !.7...6.
3810  1A 4F C8 21 0F 65 AE 79  .O.!.e.y
3818  F8 13 23 06 08 1A 96 C2  ..#.....
3820  D4 37 1B 2B 05 C2 1D 38  .7.+...8
3828  C1 C9 CD 00 38 C2 05 37  ....8..7
3830  C9 CD 1E 30 2A 0D 65 F8  ...0*.e.
3838  CA 7B 24 E2 50 38 CD AB  .{$.P8..
3840  37 21 B9 42 CD A5 37 CD  7!.B..7.
3848  DB 3A CD B5 38 C3 53 38  .:..8.S8
3850  CD 3F 34 3A 0F 65 B7 F5  .?4:.e..
3858  E6 7F 32 0F 65 3A 10 65  . 2.e:.e
3860  FE 90 D2 75 24 CD F9 38  ...u$..8
3868  3A 10 65 B7 C2 74 38 F1  :.e..t8.
3870  EB C3 79 38 F1 EB F2 7F  ..y8... 
3878  38 7C 2F 67 7D 2F 6F C3  8|/g}/o.
3880  93 38 21 75 24 E5 3A 10  .8!u$.:.
3888  65 FE 90 D2 9C 38 CD F9  e....8..
3890  38 EB D1 22 0D 65 3E 02  8..".e>.
3898  32 B6 63 C9 01 80 90 11  2.c.....
38A0  00 00 CD BD 37 C0 61 6A  ....7.aj
38A8  C3 92 38 CD 1E 30 E0 FA  ..8..0..
38B0  C8 38 CA 7B 24 CD 6B 37  .8.{$.k7
38B8  CD ED 38 78 B7 C8 CD 8D  ..8x....
38C0  37 21 0C 65 46 C3 E9 34  7!.eF..4
38C8  2A 0D 65 CD ED 38 7C 55  *.e..8|U
38D0  1E 00 06 90 C3 10 37 CD  ......7.
38D8  1E 30 D0 CA 7B 24 FC C8  .0..{$..
38E0  38 21 00 00 22 09 65 22  8!..".e"
38E8  0B 65 3E 08 01 3E 04 C3  .e>..>..
38F0  98 38 CD 1E 30 C8 C3 7B  .8..0..{
38F8  24 47 4F 57 5F B7 C8 E5  $GOW_...






3900  CD 6B 37 CD 8D 37 AE 67  .k7..7.g
3908  FC 1D 39 3E 98 90 CD 28  ..9>...(
3910  35 7C 17 DC FB 34 06 00  5|...4..
3918  DC 14 35 E1 C9 1B 7A A3  ..5...z.
3920  3C C0 0B C9 CD 1E 30 F8  <.....0.
3928  CD FC 36 F2 37 39 CD 2B  ..6.79.+
3930  37 CD 37 39 C3 22 37 CD  7.79."7.
3938  1E 30 F8 D2 5D 39 CA 7B  .0..]9.{
3940  24 CD 86 38 21 10 65 7E  $..8!.e\
3948  FE 98 3A 0D 65 D0 7E CD  ..:.e.\.
3950  F9 38 36 98 7B F5 79 17  .86.{.y.
3958  CD 9D 34 F1 C9 21 10 65  ..4..!.e
3960  7E FE 90 C2 81 39 4F 2B  \....9O+
3968  7E EE 80 06 06 2B B6 05  \....+..
3970  C2 6D 39 B7 21 00 80 C2  .m9.!...
3978  80 39 CD 93 38 C3 D7 38  .9..8..8
3980  79 FE B8 D0 F5 CD 6B 37  y.....k7
3988  CD 8D 37 AE 2B 36 B8 F5  ..7.+6..
3990  2B 71 FC AF 39 3A 0F 65  +q..9:.e
3998  4F 21 0F 65 3E B8 90 CD  O!.e>...
39A0  DD 3B F1 FC 90 3B AF 32  .;...;.2
39A8  08 65 F1 D0 C3 44 3B 21  .e...D;!
39B0  09 65 7E 35 B7 23 CA B2  .e\5.#..
39B8  39 C9 E5 21 00 00 78 B1  9..!..x.
39C0  CA D7 39 3E 10 29 DA 30  ..9>.).0
39C8  49 EB 29 EB D2 D3 39 09  I.)...9.
39D0  DA 30 49 3D C2 C5 39 EB  .0I=..9.
39D8  E1 C9 7C 17 9F 47 CD A3  ..|..G..
39E0  3A 79 98 C3 E9 39 7C 17  :y...9|.
39E8  9F 47 E5 7A 17 9F 19 88  .G.z....
39F0  0F AC F2 92 38 C5 EB CD  ....8...
39F8  CB 38 F1 E1 CD 50 37 EB  .8...P7.
3A00  CD BD 3A C3 79 3E 7C B5  ..:.y>|.
3A08  CA 93 38 E5 D5 CD 97 3A  ..8....:
3A10  C5 44 4D 21 00 00 3E 10  .DM!..>.
3A18  29 DA 3E 3A EB 29 EB D2  ).>:.)..
3A20  26 3A 09 DA 3E 3A 3D C2  &:..>:=.
3A28  18 3A C1 D1 7C B7 FA 36  .:..|..6
3A30  3A D1 78 C3 9F 3A EE 80  :.x..:..
3A38  B5 CA 4F 3A EB 01 C1 E1  ..O:....
3A40  CD CB 38 E1 CD 50 37 CD  ..8..P7.
3A48  CB 38 C1 D1 C3 C9 35 78  .8....5x
3A50  B7 C1 FA 93 38 D5 CD CB  ....8...
3A58  38 D1 C3 2B 37 7C B5 CA  8..+7|..
3A60  66 24 CD 97 3A C5 EB CD  f$..:...
3A68  A3 3A 44 4D 21 00 00 3E  .:DM!..>
3A70  11 F5 B7 C3 80 3A F5 E5  .....:..
3A78  09 D2 7F 3A F1 37 3E E1  .. :.7>.
3A80  7B 17 5F 7A 17 57 7D 17  {._z.W}.
3A88  6F 7C 17 67 F1 3D C2 76  o|.g.=.v
3A90  3A EB C1 D5 C3 2C 3A 7C  :....,:|
3A98  AA 47 CD 9E 3A EB 7C B7  .G..:.|.
3AA0  F2 93 38 AF 4F 95 6F 79  ..8.O.oy
3AA8  9C 67 C3 93 38 2A 0D 65  .g..8*.e
3AB0  CD A3 3A 7C EE 80 B5 C0  ..:|....
3AB8  EB CD ED 38 AF 06 98 C3  ...8....
3AC0  10 37 D5 CD 5D 3A AF 82  .7..]:..
3AC8  1F 67 7B 1F 6F CD 96 38  .g{.o..8
3AD0  F1 C3 9F 3A 21 19 65 7E  ...:!.e\
3AD8  EE 80 77 21 1A 65 7E B7  ..w!.e\.
3AE0  C8 47 2B 4E 11 10 65 1A  .G+N..e.
3AE8  B7 CA A2 37 90 D2 07 3B  ...7...;
3AF0  2F 3C F5 0E 08 23 E5 1A  /<...#..
3AF8  46 77 78 12 1B 2B 0D C2  Fwx..+..
3B00  F7 3A E1 46 2B 4E F1 FE  .:.F+N..
3B08  39 D0 F5 CD 8D 37 21 12  9....7!.






3B10  65 47 3E 00 77 32 08 65  eG>.w2.e
3B18  F1 21 19 65 CD DD 3B 3A  .!.e..;:
3B20  12 65 32 08 65 78 B7 F2  .e2.ex..
3B28  3B 3B CD A4 3B D2 7E 3B  ;;..;.\;
3B30  EB 34 CA 75 24 CD 09 3C  .4.u$..<
3B38  C3 7E 3B CD B7 3B 21 11  .\;..;!.
3B40  65 DC CA 3B AF 47 3A 0F  e..;.G:.
3B48  65 B7 C2 6D 3B 21 08 65  e..m;!.e
3B50  0E 08 56 77 7A 23 0D C2  ..Vwz#..
3B58  52 3B 78 D6 08 FE C0 C2  R;x.....
3B60  45 3B C3 B5 34 05 21 08  E;..4.!.
3B68  65 CD 11 3C B7 F2 65 3B  e..<..e;
3B70  78 B7 CA 7E 3B 21 10 65  x..\;!.e
3B78  86 77 D2 B5 34 C8 3A 08  .w..4.:.
3B80  65 B7 FC 90 3B 21 11 65  e...;!.e
3B88  7E E6 80 2B 2B AE 77 C9  \..++.w.
3B90  21 09 65 06 07 34 C0 23  !.e..4.#
3B98  05 C2 95 3B 34 CA 75 24  ...;4.u$
3BA0  2B 36 80 C9 21 13 65 11  +6..!.e.
3BA8  09 65 0E 07 AF 1A 8E 12  .e......
3BB0  13 23 0D C2 AD 3B C9 21  .#...;.!
3BB8  13 65 11 09 65 0E 07 AF  .e..e...
3BC0  1A 9E 12 13 23 0D C2 C0  ....#...
3BC8  3B C9 7E 2F 77 21 08 65  ;.\/w!.e
3BD0  06 08 AF 4F 79 9E 77 23  ...Oy.w#
3BD8  05 C2 D4 3B C9 71 E5 D6  ...;.q..
3BE0  08 DA F4 3B E1 E5 11 00  ...;....
3BE8  08 4E 73 59 2B 15 C2 E9  .NsY+...
3BF0  3B C3 DF 3B C6 09 57 AF  ;..;..W.
3BF8  E1 15 C8 E5 1E 08 7E 1F  ......\.
3C00  77 2B 1D C2 FE 3B C3 F7  w+...;..
3C08  3B 21 0F 65 16 01 C3 FB  ;!.e....
3C10  3B 0E 08 7E 17 77 23 0D  ;..\.w#.
3C18  C2 13 3C C9 CD FC 36 C8  ..<...6.
3C20  3A 1A 65 B7 CA B5 34 CD  :.e...4.
3C28  B0 36 CD D7 3C 71 13 06  .6..<q..
3C30  07 1A 13 B7 D5 CA 51 3C  ......Q<
3C38  0E 08 C5 1F 47 DC A4 3B  ....G..;
3C40  CD 09 3C 78 C1 0D C2 3A  ..<x...:
3C48  3C D1 05 C2 31 3C C3 44  <...1<.D
3C50  3B 21 0F 65 CD E5 3B C3  ;!.e..;.
3C58  49 3C CD CC CC CC CC CC  I<......
3C60  4C 7D 00 00 00 00 00 00  L}......
3C68  20 84 11 5A 3C 21 13 65   ..Z<!.e
3C70  CD 80 37 C3 1C 3C 3A 1A  ..7..<:.
3C78  65 B7 CA 66 24 3A 10 65  e..f$:.e
3C80  B7 CA B5 34 CD AD 36 34  ...4..64
3C88  34 CA 75 24 CD D7 3C 21  4.u$..<!
3C90  3D 65 71 41 11 36 65 21  =eqA.6e!
3C98  13 65 CD BD 3B 1A 99 3F  .e..;..?
3CA0  DA AE 3C 11 36 65 21 13  ..<.6e!.
3CA8  65 CD AA 3B AF DA 12 04  e..;....
3CB0  3A 0F 65 3C 3D 1F FA 81  :.e<=...
3CB8  3B 17 21 09 65 0E 07 CD  ;.!.e...
3CC0  13 3C 21 36 65 CD 11 3C  .<!6e..<
3CC8  78 B7 C2 94 3C 21 10 65  x...<!.e
3CD0  35 C2 94 3C C3 B5 34 79  5..<..4y
3CD8  32 19 65 2B 11 3C 65 01  2.e+.<e.
3CE0  00 07 7E 12 71 1B 2B 05  ..\.q.+.
3CE8  C2 E2 3C C9 CD AB 37 EB  ..<...7.
3CF0  2B 7E B7 C8 C6 02 DA 75  +\.....u
3CF8  24 77 E5 CD DB 3A E1 34  $w...:.4
3D00  C0 C3 75 24 CD B5 34 CD  ..u$..4.
3D08  EA 38 F6 AF EB 01 FF 00  .8......
3D10  60 68 CC 93 38 EB 7E FE  `h..8.\.
3D18  26 CA 3C 2F FE 2D F5 CA  &.</.-..






3D20  28 3D FE 2B CA 28 3D 2B  (=.+.(=+
3D28  CD 33 28 DA 0B 3E FE 2E  .3(..>..
3D30  CA B5 3D FE 65 CA 3A 3D  ..=.e.:=
3D38  FE 45 C2 64 3D E5 CD 33  .E.d=..3
3D40  28 FE 6C CA 52 3D FE 4C  (.l.R=.L
3D48  CA 52 3D FE 71 CA 52 3D  .R=.q.R=
3D50  FE 51 E1 CA 63 3D 3A B6  .Q..c=:.
3D58  63 FE 08 CA 7D 3D 3E 00  c...}=>.
3D60  C3 7D 3D 7E FE 25 CA C2  .}=\.%..
3D68  3D FE 23 CA D1 3D FE 21  =.#..=.!
3D70  CA D2 3D FE 64 CA 7D 3D  ..=.d.}=
3D78  FE 44 C2 94 3D B7 CD D9  .D..=...
3D80  3D CD 33 28 CD EC 2F CD  =.3(../.
3D88  33 28 DA 7E 3E 14 C2 94  3(.\>...
3D90  3D AF 93 5F E5 7B 90 5F  =.._.{._
3D98  F4 E8 3D FC F8 3D C2 98  ..=..=..
3DA0  3D E1 F1 E5 CC 22 37 E1  =...."7.
3DA8  CD 1E 30 E8 E5 21 1E 36  ..0..!.6
3DB0  E5 CD 9C 38 C9 CD 1E 30  ...8...0
3DB8  0C C2 94 3D DC D9 3D C3  ...=..=.
3DC0  28 3D F1 23 01 1E 36 E5  (=.#..6.
3DC8  C5 01 31 38 C5 F5 C3 94  ..18....
3DD0  3D B7 CD D9 3D 23 C3 94  =...=#..
3DD8  3D E5 D5 C5 F5 CC AB 38  =......8
3DE0  F1 C4 D7 38 C1 D1 E1 C9  ...8....
3DE8  C8 F5 CD 1E 30 F5 E4 E5  ....0...
3DF0  36 F1 EC EC 3C F1 3D C9  6...<.=.
3DF8  D5 E5 F5 CD 1E 30 F5 E4  .....0..
3E00  25 36 F1 EC 6A 3C F1 E1  %6..j<..
3E08  D1 3C C9 D5 78 89 47 C5  .<..x.G.
3E10  E5 7E D6 30 F5 CD 1E 30  .\.0...0
3E18  F2 44 3E 2A 0D 65 11 CD  .D>*.e..
3E20  0C CD FD 1C D2 40 3E 54  .....@>T
3E28  5D 29 29 19 29 F1 4F 09  ])).).O.
3E30  7C B7 FA 3E 3E 22 0D 65  |..>>".e
3E38  E1 C1 D1 C3 28 3D 79 F5  ....(=y.
3E40  CD C8 38 37 D2 60 3E 01  ..87.`>.
3E48  74 94 11 00 24 CD BD 37  t...$..7
3E50  F2 5D 3E CD E5 36 F1 CD  .]>..6..
3E58  73 3E C3 38 3E CD E1 38  s>.8>..8
3E60  CD EC 3C CD AB 37 F1 CD  ..<..7..
3E68  0B 37 CD E1 38 CD DB 3A  .7..8..:
3E70  C3 38 3E CD 50 37 CD 0B  .8>.P7..
3E78  37 C1 D1 C3 4E 34 7B FE  7...N4{.
3E80  0A D2 8D 3E 07 07 83 07  ...>....
3E88  86 D6 30 5F FA 1E 7F C3  ..0_.. .
3E90  87 3D E5 21 19 1F CD 81  .=.!....
3E98  4A E1 01 80 4A C5 CD 93  J...J...
3EA0  38 AF CD 32 3F B6 C3 C6  8..2?...
3EA8  3E AF CD 32 3F E6 08 CA  >..2?...
3EB0  B4 3E 36 2B EB CD 3D 37  .>6+..=7
3EB8  EB F2 C6 3E 36 2D C5 E5  ...>6-..
3EC0  CD 22 37 E1 C1 B4 23 36  ."7...#6
3EC8  30 3A DF 63 57 17 3A B6  0:.cW.:.
3ED0  63 DA 9E 3F CA 96 3F FE  c..?..?.
3ED8  04 D2 3B 3F 01 00 00 CD  ..;?....
3EE0  6A 42 21 1C 65 46 0E 20  jB!.eF. 
3EE8  3A DF 63 5F E6 20 CA FF  :.c_. ..
3EF0  3E 78 B9 0E 2A C2 FF 3E  >x..*..>
3EF8  7B E6 04 C2 FF 3E 41 71  {....>Aq
3F00  CD 33 28 CA 1F 3F FE 45  .3(..?.E
3F08  CA 1F 3F FE 44 CA 1F 3F  ..?.D..?
3F10  FE 30 CA FF 3E FE 2C CA  .0..>.,.
3F18  FF 3E FE 2E C2 22 3F 2B  .>..."?+
3F20  36 30 7B E6 10 CA 2B 3F  60{...+?
3F28  2B 36 24 7B E6 04 C0 2B  +6${...+






3F30  70 C9 32 DF 63 21 1C 65  p.2.c!.e
3F38  36 20 C9 FE 05 E5 DE 00  6 ......
3F40  17 57 14 CD 23 41 01 00  .W..#A..
3F48  03 82 FA 56 3F 14 BA D2  ...V?...
3F50  56 3F 3C 47 3E 02 D6 02  V?<G>...
3F58  E1 F5 CD C2 41 36 30 CC  ....A60.
3F60  75 37 CD D6 41 2B 7E FE  u7..A+\.
3F68  30 CA 65 3F FE 2E C4 75  0.e?...u
3F70  37 F1 CA 97 3F F5 CD 1E  7...?...
3F78  30 3E 22 8F 77 23 F1 36  0>".w#.6
3F80  2B F2 88 3F 36 2D 2F 3C  +..?6-/<
3F88  06 2F 04 D6 0A D2 8A 3F  ./.....?
3F90  C6 3A 23 70 23 77 23 36  .:#p#w#6
3F98  00 EB 21 1C 65 C9 23 C5  ..!.e.#.
3FA0  FE 04 7A D2 18 40 1F DA  ..z..@..
3FA8  B5 40 01 03 06 CD BA 41  .@.....A
3FB0  D1 7A D6 05 F4 96 41 CD  .z....A.
3FB8  6A 42 7B B7 CC D6 36 3D  jB{...6=
3FC0  F4 96 41 E5 CD E2 3E E1  ..A...>.
3FC8  CA CD 3F 70 23 36 00 21  ..?p#6.!
3FD0  1B 65 23 3A FF 63 95 92  .e#:.c..
3FD8  C8 7E FE 20 CA D2 3F FE  .\. ..?.
3FE0  2A CA D2 3F 2B E5 F5 01  *..?+...
3FE8  E6 3F C5 CD 33 28 FE 2D  .?..3(.-
3FF0  C8 FE 2B C8 FE 24 C8 C1  ..+..$..
3FF8  FE 30 C2 10 40 23 CD 33  .0..@#.3
4000  28 D2 10 40 2B 01 2B 77  (..@+.+w
4008  F1 CA 06 40 C1 C3 D3 3F  ...@...?
4010  F1 CA 10 40 E1 36 25 C9  ...@.6%.
4018  E5 1F DA BC 40 CA 34 40  ....@.4@
4020  11 C1 42 CD FA 37 16 10  ..B..7..
4028  FA 42 40 E1 C1 CD A9 3E  .B@....>
4030  2B 36 25 C9 01 0E B6 11  +6%.....
4038  CA 1B CD BD 37 F2 2B 40  ....7.+@
4040  16 06 CD FC 36 C4 23 41  ....6.#A
4048  E1 C1 FA 67 40 C5 5F 78  ...g@._x
4050  92 93 F4 96 41 CD AD 41  ....A..A
4058  CD D6 41 B3 C4 A6 41 B3  ..A...A.
4060  C4 C2 41 D1 C3 BA 3F 5F  ..A...?_
4068  79 B7 C4 F6 3D 83 FA 72  y...=..r
4070  40 AF C5 F5 FC F8 3D FA  @.....=.
4078  74 40 C1 7B 90 C1 5F 82  t@.{.._.
4080  78 FA 90 40 92 93 F4 96  x..@....
4088  41 C5 CD AD 41 C3 A1 40  A...A..@
4090  CD 96 41 79 CD C6 41 4F  ..Ay..AO
4098  AF 92 93 CD 96 41 C5 47  .....A.G
40A0  4F CD D6 41 C1 B1 C2 AC  O..A....
40A8  40 2A FF 63 83 3D F4 96  @*.c.=..
40B0  41 50 C3 C3 3F E5 D5 CD  AP..?...
40B8  C8 38 D1 AF CA C2 40 1E  .8....@.
40C0  10 01 1E 06 CD FC 36 37  ......67
40C8  C4 23 41 E1 C1 F5 79 B7  .#A...y.
40D0  F5 C4 F6 3D 80 4F 7A E6  ...=.Oz.
40D8  04 FE 01 9F 57 81 4F 93  ....W.O.
40E0  F5 C5 FC F8 3D FA E2 40  ....=..@
40E8  C1 F1 C5 F5 FA F0 40 AF  ......@.
40F0  2F 3C 80 3C 82 47 0E 00  /<.<.G..
40F8  CD D6 41 F1 F4 9F 41 CD  ..A...A.
4100  C2 41 C1 F1 C2 13 41 CD  .A....A.
4108  D6 36 7E FE 2E C4 75 37  .6\...u7
4110  22 FF 63 F1 DA 1A 41 83  ".c...A.
4118  90 92 C5 CD 75 3F EB D1  ....u?..
4120  C3 C3 3F D5 AF F5 CD 1E  ..?.....
4128  30 E2 47 41 3A 10 65 FE  0.GA:.e.
4130  91 D2 47 41 11 A1 42 21  ..GA..B!
4138  13 65 CD 80 37 CD 1C 3C  .e..7..<






4140  F1 D6 0A F5 C3 2C 41 CD  .....,A.
4148  79 41 CD 1E 30 EA 5C 41  yA..0.~A
4150  01 43 91 11 F9 4F CD BD  .C...O..
4158  37 C3 62 41 11 A9 42 CD  7.bA..B.
4160  FA 37 F2 75 41 F1 CD E9  .7.uA...
4168  3D F5 C3 4A 41 F1 CD F8  =..JA...
4170  3D F5 CD 79 41 F1 B7 D1  =..yA...
4178  C9 CD 1E 30 EA 8B 41 01  ...0..A.
4180  74 94 11 F8 23 CD BD 37  t...#..7
4188  C3 91 41 11 B1 42 CD FA  ..A..B..
4190  37 E1 F2 6D 41 E9 B7 C8  7..mA...
4198  3D 36 30 23 C3 97 41 C2  =60#..A.
41A0  A6 41 C8 CD C2 41 36 30  .A...A60
41A8  23 3D C3 A2 41 7B 82 3C  #=..A{.<
41B0  47 3C D6 03 D2 B2 41 C6  G<....A.
41B8  05 4F 3A DF 63 E6 40 C0  .O:.c.@.
41C0  4F C9 05 C2 CE 41 36 2E  O....A6.
41C8  22 FF 63 23 48 C9 0D C0  ".c#H...
41D0  36 2C 23 0E 03 C9 D5 CD  6,#.....
41D8  1E 30 E2 21 42 C5 E5 CD  .0.!B...
41E0  AB 37 21 B9 42 CD A5 37  .7!.B..7
41E8  CD DB 3A AF CD 84 39 E1  ..:...9.
41F0  C1 11 C9 42 3E 0A CD C2  ...B>...
41F8  41 C5 F5 E5 D5 06 2F 04  A...../.
4200  E1 E5 CD BA 3B D2 FF 41  ....;..A
4208  E1 CD A7 3B EB E1 70 23  ...;..p#
4210  F1 C1 3D C2 F6 41 C5 E5  ..=..A..
4218  21 09 65 CD 5D 37 C3 2E  !.e.]7..
4220  42 C5 E5 CD 3F 34 3E 01  B...?4>.
4228  CD F9 38 CD 60 37 E1 C1  ..8.`7..
4230  AF 11 0F 43 3F CD C2 41  ...C?..A
4238  C5 F5 E5 D5 CD 6B 37 E1  .....k7.
4240  06 2F 04 7B 96 5F 23 7A  ./.{._#z
4248  9E 57 23 79 9E 4F 2B 2B  .W#y.O++
4250  D2 42 42 CD 08 35 23 CD  .BB..5#.
4258  60 37 EB E1 70 23 F1 C1  `7..p#..
4260  DA 34 42 13 13 3E 04 C3  .4B..>..
4268  70 42 D5 11 15 43 3E 05  pB...C>.
4270  CD C2 41 C5 F5 E5 EB 4E  ..A....N
4278  23 46 C5 23 E3 EB 2A 0D  #F.#..*.
4280  65 06 2F 04 7D 93 6F 7C  e./.}.o|
4288  9A 67 D2 83 42 19 22 0D  .g..B.".
4290  65 D1 E1 70 23 F1 C1 3D  e..p#..=
4298  C2 70 42 CD C2 41 77 D1  .pB..Aw.
42A0  C9 00 00 00 00 F9 02 15  ........
42A8  A2 E1 FF 9F 31 A9 5F 63  ....1._c
42B0  B2 FE FF 03 BF C9 1B 0E  ........
42B8  B6 00 00 00 00 00 00 00  ........
42C0  80 00 00 04 BF C9 1B 0E  ........
42C8  B6 00 80 C6 A4 7E 8D 03  .....\..
42D0  00 40 7A 10 F3 5A 00 00  .@z..Z..
42D8  A0 72 4E 18 09 00 00 10  .rN.....
42E0  A5 D4 E8 00 00 00 E8 76  .......v
42E8  48 17 00 00 00 E4 0B 54  H......T
42F0  02 00 00 00 CA 9A 3B 00  ......;.
42F8  00 00 00 E1 F5 05 00 00  ........
4300  00 80 96 98 00 00 00 00  ........
4308  40 42 0F 00 00 00 00 A0  @B......
4310  86 01 10 27 00 10 27 E8  ...'..'.
4318  03 64 00 0A 00 01 00 AF  .d......
4320  47 C2 06 01 C5 CD 23 34  G.....#4
4328  C1 11 1B 65 D5 AF 12 05  ...e....
4330  04 0E 06 CA 3E 43 0E 04  ....>C..
4338  29 8F 29 8F 29 8F 29 8F  ).).).).
4340  B7 C2 4F 43 79 3D CA 4F  ..OCy=.O
4348  43 1A B7 CA 5B 43 AF C6  C...[C..






4350  30 FE 3A DA 58 43 C6 07  0.:.XC..
4358  12 13 12 AF 0D CA 68 43  ......hC
4360  05 04 CA 3A 43 C3 38 43  ...:C.8C
4368  12 E1 C9 21 2B 37 E3 E9  ...!+7..
4370  CD 50 37 21 BD 42 CD 5D  .P7!.B.]
4378  37 C3 7F 43 CD AB 38 C1  7. C..8.
4380  D1 CD FC 36 78 CA C4 43  ...6x..C
4388  F2 8F 43 B7 CA 66 24 B7  ..C..f$.
4390  CA B6 34 D5 C5 79 F6 7F  ..4..y. 
4398  CD 6B 37 F2 AC 43 D5 C5  .k7..C..
43A0  CD 44 39 C1 D1 F5 CD BD  .D9.....
43A8  37 E1 7C 1F E1 22 0F 65  7.|..".e
43B0  E1 22 0D 65 DC 6B 43 CC  .".e.kC.
43B8  2B 37 D5 C5 CD 83 35 C1  +7....5.
43C0  D1 CD C9 35 01 38 81 11  ...5.8..
43C8  3B AA CD C9 35 3A 10 65  ;...5:.e
43D0  FE 88 D2 F9 43 FE 68 DA  ....C.h.
43D8  0B 44 CD 50 37 CD 44 39  .D.P7.D9
43E0  C6 81 C1 D1 CA FC 43 F5  ......C.
43E8  CD 4B 34 21 15 44 CD 41  .K4!.D.A
43F0  44 C1 11 00 00 4A C3 C9  D....J..
43F8  35 CD 50 37 3A 0F 65 B7  5.P7:.e.
4400  F2 08 44 F1 F1 C3 B5 34  ..D....4
4408  C3 75 24 01 00 81 11 00  .u$.....
4410  00 CD 60 37 C9 07 7C 88  ..`7..|.
4418  59 74 E0 97 26 77 C4 1D  Yt..&w..
4420  1E 7A 5E 50 63 7C 1A FE  .z^Pc|..
4428  75 7E 18 72 31 80 00 00  u\.r1...
4430  00 81 CD 50 37 11 4A 3A  ...P7.J:
4438  D5 E5 CD 6B 37 CD C9 35  ...k7..5
4440  E1 CD 50 37 7E 23 CD 5D  ..P7\#.]
4448  37 06 F1 C1 D1 3D C8 D5  7....=..
4450  C5 F5 E5 CD C9 35 E1 CD  .....5..
4458  6E 37 E5 CD 4E 34 E1 C3  n7..N4..
4460  4A 44 CD FC 36 21 16 62  JD..6!.b
4468  FA C3 44 21 37 62 CD 5D  ..D!7b.]
4470  37 21 16 62 C8 86 E6 07  7!.b....
4478  06 00 77 23 87 87 4F 09  ..w#..O.
4480  CD 6E 37 CD C9 35 3A 15  .n7..5:.
4488  62 3C E6 03 06 00 FE 01  b<......
4490  88 32 15 62 21 C7 44 87  .2.b!.D.
4498  87 4F 09 CD 42 34 CD 6B  .O..B4.k
44A0  37 7B 59 EE 4F 4F 36 80  7{Y.OO6.
44A8  2B 46 36 80 21 14 62 34  +F6.!.b4
44B0  7E D6 AB C2 BA 44 77 0C  \....Dw.
44B8  15 1C CD A0 34 21 37 62  ....4!7b
44C0  C3 77 37 77 2B 77 2B 77  .w7w+w+w
44C8  C3 9E 44 68 B1 46 68 99  ..Dh.Fh.
44D0  E9 92 69 10 D1 75 68 21  ..i..uh!
44D8  4D 45 CD 42 34 3A 10 65  ME.B4:.e
44E0  FE 77 D8 01 22 7E 11 83  .w.."\..
44E8  F9 CD C9 35 CD 50 37 CD  ...5.P7.
44F0  44 39 C1 D1 CD 4B 34 01  D9...K4.
44F8  00 7F 11 00 00 CD BD 37  . .....7
4500  FA 27 45 01 80 7F 11 00  .'E.. ..
4508  00 CD 4E 34 01 80 80 11  ..N4....
4510  00 00 CD 4E 34 CD FC 36  ...N4..6
4518  F4 2B 37 01 00 7F 11 00  .+7.. ..
4520  00 CD 4E 34 CD 2B 37 3A  ..N4.+7:
4528  0F 65 B7 F5 F2 34 45 EE  .e...4E.
4530  80 32 0F 65 21 55 45 CD  .2.e!UE.
4538  32 44 F1 F0 3A 0F 65 EE  2D..:.e.
4540  80 32 0F 65 C9 00 00 00  .2.e....
4548  00 83 F9 22 7E DB 0F 49  ..."\..I
4550  81 00 00 00 7F 05 FB D7  .... ...
4558  1E 86 65 26 99 87 58 34  ..e&..X4






4560  23 87 E1 5D A5 86 DB 0F  #..]....
4568  49 83 CD 50 37 CD DD 44  I..P7..D
4570  C1 E1 CD 50 37 EB CD 60  ...P7..`
4578  37 CD D7 44 C3 2E 36 CD  7..D..6.
4580  FC 36 FC 6B 43 FC 2B 37  .6.kC.+7
4588  3A 10 65 FE 81 DA 9C 45  :.e....E
4590  01 00 81 51 59 CD 30 36  ...QY.06
4598  21 48 34 E5 21 A6 45 CD  !H4.!.E.
45A0  32 44 21 4D 45 C9 09 4A  2D!ME..J
45A8  D7 3B 78 02 6E 84 7B FE  .;x.n.{.
45B0  C1 2F 7C 74 31 9A 7D 84  ./|t1.}.
45B8  3D 5A 7D C8 7F 91 7E E4  =Z}. .\.
45C0  BB 4C 7E 6C AA AA 7F 00  .L\l.. .
45C8  00 00 81 CD F3 2C CD F2  .....,..
45D0  38 CD 03 1D 3B EB 2A 0D  8...;.*.
45D8  65 C3 E5 45 3A EA 63 B7  e..E:.c.
45E0  CA EF 45 D1 EB E5 AF 32  ..E....2
45E8  EA 63 BA F5 D5 46 B0 CA  .c...F..
45F0  9C 28 23 4E 23 66 69 C3  .(#N#fi.
45F8  19 46 58 E5 0E 02 7E 23  .FX...\#
4600  FE 5C CA 4A 47 FE 20 C2  .~.JG. .
4608  0F 46 0C 05 C2 FE 45 E1  .F....E.
4610  43 3E 5C CD 7E 47 CD A9  C>~.\G..
4618  19 AF 5F 57 CD 7E 47 57  .._W.\GW
4620  7E 23 FE 21 CA 47 47 FE  \#.!.GG.
4628  23 CA 6B 46 05 CA 31 47  #.kF..1G
4630  FE 2B 3E 08 CA 1C 46 2B  .+>...F+
4638  7E 23 FE 2E CA 8A 46 FE  \#....F.
4640  5C CA FA 45 BE C2 13 46  ~..E...F
4648  FE 24 CA 64 46 FE 2A C2  .$.dF.*.
4650  13 46 78 FE 02 23 DA 5C  .Fx..#.~
4658  46 7E FE 24 3E 20 C2 68  F\.$> .h
4660  46 05 1C FE AF C6 10 23  F......#
4668  1C 82 57 1C 0E 00 05 CA  ..W.....
4670  C0 46 7E 23 FE 2E CA 95  .F\#....
4678  46 FE 23 CA 6B 46 FE 2C  F.#.kF.,
4680  C2 A1 46 7A F6 40 57 C3  ..Fz.@W.
4688  6B 46 7E FE 23 3E 2E C2  kF\.#>..
4690  13 46 0E 01 23 0C 05 CA  .F..#...
4698  C0 46 7E 23 FE 23 CA 95  .F\#.#..
46A0  46 D5 11 BE 46 D5 54 5D  F...F.T]
46A8  FE 5E C0 BE C0 23 BE C0  .^...#..
46B0  23 BE C0 23 78 D6 04 D8  #..#x...
46B8  D1 D1 47 14 23 CA EB D1  ..G.#...
46C0  7A 2B 1C E6 08 C2 E0 46  z+.....F
46C8  1D 78 B7 CA E0 46 7E D6  .x...F\.
46D0  2D CA DB 46 FE FE C2 E0  -..F....
46D8  46 3E 08 C6 04 82 57 05  F>....W.
46E0  E1 F1 CA 3C 47 C5 D5 CD  ...<G...
46E8  F2 2C D1 C1 C5 E5 43 78  .,....Cx
46F0  81 FE 19 D2 9C 28 7A F6  .....(z.
46F8  80 CD AA 3E CD 81 4A E1  ...>..J.
4700  2B CD 33 28 37 CA 18 47  +.3(7..G
4708  32 EA 63 FE 3B CA 15 47  2.c.;..G
4710  FE 2C C2 63 24 CD 33 28  .,.c$.3(
4718  C1 EB E1 E5 F5 D5 7E 90  ......\.
4720  23 4E 23 66 69 16 00 5F  #N#fi.._
4728  19 78 B7 C2 19 46 C3 37  .x...F.7
4730  47 CD 7E 47 CD A9 19 E1  G.\G....
4738  F1 C2 DC 45 DC 2A 1A E3  ...E.*..
4740  CD FD 4B E1 C3 AF 2B 0E  ..K...+.
4748  01 3E F1 05 CD 7E 47 E1  .>...\G.
4750  F1 CA 3C 47 C5 CD F2 2C  ..<G...,
4758  CD F2 38 C1 C5 E5 2A 0D  ..8...*.
4760  65 41 0E 00 C5 CD A1 4C  eA.....L
4768  CD 84 4A 2A 0D 65 F1 96  ..J*.e..






4770  47 3E 20 04 05 CA FF 46  G> ....F
4778  CD A9 19 C3 74 47 F5 7A  ....tG.z
4780  B7 3E 2B C4 A9 19 F1 C9  .>+.....
4788  2B CD 33 28 C8 CD 03 1D  +.3(....
4790  2C 01 88 47 C5 F6 AF 32  ,..G...2
4798  B5 63 4E CD 44 1E DA 63  .cN.D..c
47A0  24 AF 47 CD 33 28 DA AF  $.G.3(..
47A8  47 CD 45 1E DA BC 47 47  G.E...GG
47B0  CD 33 28 DA B0 47 CD 45  .3(..G.E
47B8  1E D2 B0 47 FE 26 D2 D8  ...G.&..
47C0  47 11 E6 47 D5 16 02 FE  G..G....
47C8  25 C8 14 FE 24 C8 14 FE  %...$...
47D0  21 C8 16 08 FE 23 C8 F1  !....#..
47D8  79 E6 7F 5F 16 00 E5 21  y. _...!
47E0  CC 63 19 56 E1 2B 7A 32  .c.V.+z2
47E8  B6 63 CD 33 28 3A E7 63  .c.3(:.c
47F0  3D CA F4 48 F2 02 48 7E  =..H..H\
47F8  D6 28 CA C3 48 D6 33 CA  .(..H.3.
4800  C3 48 AF 32 E7 63 E5 3A  .H.2.c.:
4808  FA 64 B7 32 F7 64 CA 52  .d.2.d.R
4810  48 2A 29 64 11 2B 64 19  H*)d.+d.
4818  22 F8 64 EB C3 38 48 1A  ".d..8H.
4820  6F 13 1A 13 B9 C2 34 48  o.....4H
4828  3A B6 63 BD C2 34 48 1A  :.c..4H.
4830  B8 CA A5 48 13 26 00 19  ...H.&..
4838  EB 3A F8 64 BB C2 1F 48  .:.d...H
4840  3A F9 64 BA C2 1F 48 3A  :.d...H:
4848  F7 64 B7 CA 5E 48 AF 32  .d..^H.2
4850  F7 64 2A 07 64 22 F8 64  .d*.d".d
4858  2A 05 64 C3 38 48 E1 E3  *.d.8H..
4860  D5 11 DE 2E CD FD 1C CA  ........
4868  A8 48 11 20 2F CD FD 1C  .H. /...
4870  D1 CA AD 48 E3 E5 C5 3A  ...H...:
4878  B6 63 4F C5 06 00 03 03  .cO.....
4880  03 2A 09 64 E5 09 C1 E5  .*.d....
4888  CD 54 1C E1 22 09 64 60  .T..".d`
4890  69 22 07 64 2B 36 00 CD  i".d+6..
4898  FD 1C C2 94 48 D1 73 23  ....H.s#
48A0  D1 73 23 72 EB 13 E1 C9  .s#r....
48A8  57 5F F1 E3 C9 32 10 65  W_...2.e
48B0  67 6F 22 0D 65 CD 1E 30  go".e..0
48B8  C2 C1 48 21 1D 1F 22 0D  ..H!..".
48C0  65 E1 C9 E5 2A B5 63 E3  e...*.c.
48C8  57 D5 C5 CD 95 28 C1 F1  W....(..
48D0  EB E3 E5 EB 3C 57 7E FE  ....<W\.
48D8  2C CA C9 48 FE 29 CA E6  ,..H.)..
48E0  48 FE 5D C2 63 24 CD 33  H.].c$.3
48E8  28 22 FF 63 E1 22 B5 63  (".c.".c
48F0  1E 00 D5 11 E5 F5 2A 07  ......*.
48F8  64 3E 19 EB 2A 09 64 EB  d>..*.d.
4900  CD FD 1C CA 36 49 5E 23  ....6I^#
4908  7E 23 B9 C2 17 49 3A B6  \#...I:.
4910  63 BB C2 17 49 7E B8 23  c...I\.#
4918  5E 23 56 23 C2 FA 48 3A  ^#V#..H:
4920  B5 63 B7 C2 6C 24 F1 44  .c..l$.D
4928  4D CA 1E 36 96 CA 96 49  M..6...I
4930  11 09 00 C3 7D 24 3A B6  ....}$:.
4938  63 77 23 5F 16 00 F1 CA  cw#_....
4940  9C 28 71 23 70 23 4F CD  .(q#p#O.
4948  65 1C 23 23 22 DF 63 71  e.##".cq
4950  23 3A B5 63 17 79 01 0B  #:.c.y..
4958  00 D2 5E 49 C1 03 71 F5  ..^I..q.
4960  23 70 23 CD BA 39 F1 3D  #p#..9.=
4968  C2 56 49 F5 42 4B EB 19  .VI.BK..
4970  DA 7D 1C CD 6E 1C 22 09  .}..n.".
4978  64 2B 36 00 CD FD 1C C2  d+6.....






4980  79 49 03 57 2A DF 63 5E  yI.W*.c^
4988  EB 29 09 EB 2B 2B 73 23  .)..++s#
4990  72 23 F1 DA CB 49 47 4F  r#...IGO
4998  7E 23 16 E1 5E 23 56 23  \#..^#V#
49A0  E3 F5 CD FD 1C D2 30 49  ......0I
49A8  CD BA 39 19 F1 3D 44 4D  ..9..=DM
49B0  C2 9B 49 3A B6 63 44 4D  ..I:.cDM
49B8  29 D6 04 DA C3 49 29 CA  )....I).
49C0  C8 49 29 B7 E2 C8 49 09  .I)...I.
49C8  C1 09 EB 2A FF 63 C9 CD  ...*.c..
49D0  F7 4B 7E 23 4E 23 46 D1  .K\#N#F.
49D8  C5 F5 CD FE 4B D1 5E 23  ....K.^#
49E0  4E 23 46 E1 7B B2 C8 7A  N#F.{..z
49E8  D6 01 D8 AF BB 3C D0 15  .....<..
49F0  1D 0A BE 23 03 CA E4 49  ...#...I
49F8  3F C3 07 37 CD 1F 43 C3  ?..7..C.
4A00  0B 4A CD 22 43 C3 0B 4A  .J."C..J
4A08  CD A9 3E CD 39 4A CD FA  ..>.9J..
4A10  4B 01 4E 4C C5 7E 23 E5  K.NL.\#.
4A18  CD 9A 4A E1 4E 23 46 CD  ..J.N#F.
4A20  2E 4A E5 6F CD ED 4B D1  .J.o..K.
4A28  C9 3E 01 CD 9A 4A 21 DA  .>...J!.
4A30  63 E5 77 23 73 23 72 E1  c.w#s#r.
4A38  C9 2B 06 22 50 E5 0E FF  .+."P...
4A40  23 7E 0C B7 CA 4F 4A BA  #\...OJ.
4A48  CA 4F 4A B8 C2 40 4A FE  .OJ..@J.
4A50  22 CC 33 28 E3 23 EB 79  ".3(.#.y
4A58  CD 2E 4A 11 DA 63 3E D5  ..J..c>.
4A60  2A BA 63 22 0D 65 3E 03  *.c".e>.
4A68  32 B6 63 CD 80 37 11 DD  2.c..7..
4A70  63 CD FD 1C 22 BA 63 E1  c...".c.
4A78  7E C0 11 10 00 C3 7D 24  \.....}$
4A80  23 CD 39 4A CD FA 4B CD  #.9J..K.
4A88  70 37 14 15 C8 0A CD A9  p7......
4A90  19 FE 0D CC 34 1A 03 C3  ....4...
4A98  8B 4A B7 0E F1 F5 2A 58  .J....*X
4AA0  62 EB 2A DD 63 2F 4F 06  b.*.c/O.
4AA8  FF 09 23 CD FD 1C DA B8  ..#.....
4AB0  4A 22 DD 63 23 EB F1 C9  J".c#...
4AB8  F1 11 0E 00 CA 7D 24 BF  .....}$.
4AC0  F5 01 9C 4A C5 2A B8 63  ...J.*.c
4AC8  22 DD 63 21 00 00 E5 2A  ".c!...*
4AD0  09 64 E5 21 BC 63 EB 2A  .d.!.c.*
4AD8  BA 63 EB CD FD 1C 01 D6  .c......
4AE0  4A C2 64 4B 21 8F 64 22  J.dK!.d"
4AE8  FB 64 2A 07 64 22 F8 64  .d*.d".d
4AF0  2A 05 64 EB 2A F8 64 EB  *.d.*.d.
4AF8  CD FD 1C CA 12 4B 7E 23  .....K\#
4B00  23 23 FE 03 C2 0B 4B CD  ##....K.
4B08  65 4B AF 5F 16 00 19 C3  eK._....
4B10  F3 4A 2A FB 64 7E 23 66  .J*.d\#f
4B18  6F B4 EB 2A 07 64 CA 35  o..*.d.5
4B20  4B EB 22 FB 64 23 23 5E  K.".d##^
4B28  23 56 23 EB 19 22 F8 64  #V#..".d
4B30  EB C3 F3 4A C1 EB 2A 09  ...J..*.
4B38  64 EB CD FD 1C CA 89 4B  d......K
4B40  7E 23 CD 6E 37 E5 09 FE  \#.n7...
4B48  03 C2 34 4B 22 E1 63 E1  ..4K".c.
4B50  4E 06 00 09 09 23 EB 2A  N....#.*
4B58  E1 63 EB CD FD 1C CA 35  .c.....5
4B60  4B 01 56 4B C5 AF B6 23  K.VK...#
4B68  5E 23 56 23 C8 44 4D 2A  ^#V#.DM*
4B70  DD 63 CD FD 1C 60 69 D8  .c...`i.
4B78  E1 E3 CD FD 1C E3 E5 60  .......`
4B80  69 D0 C1 F1 F1 E5 D5 C5  i.......
4B88  C9 D1 E1 7D B4 C8 2B 46  ...}..+F






4B90  2B 4E E5 2B 6E 26 00 09  +N.+n&..
4B98  50 59 2B 44 4D 2A DD 63  PY+DM*.c
4BA0  CD 57 1C E1 71 23 70 69  .W..q#pi
4BA8  60 2B C3 C8 4A C5 E5 2A  `+..J..*
4BB0  0D 65 E3 CD 80 2E E3 CD  .e......
4BB8  F2 38 7E E5 2A 0D 65 E5  .8\.*.e.
4BC0  86 11 0F 00 DA 7D 24 CD  .....}$.
4BC8  2B 4A D1 CD FE 4B E3 CD  +J...K..
4BD0  FD 4B E5 2A DB 63 EB CD  .K.*.c..
4BD8  E5 4B CD E5 4B 21 FE 2C  .K..K!.,
4BE0  E3 E5 C3 5B 4A E1 E3 7E  ...[J..\
4BE8  23 4E 23 46 6F 2C 2D C8  #N#Fo,-.
4BF0  0A 12 03 13 C3 EE 4B CD  ......K.
4BF8  F2 38 2A 0D 65 EB CD 18  .8*.e...
4C00  4C EB C0 D5 50 59 1B 4E  L...PY.N
4C08  2A DD 63 CD FD 1C C2 16  *.c.....
4C10  4C 47 09 22 DD 63 E1 C9  LG.".c..
4C18  2A BA 63 2B 46 2B 4E 2B  *.c+F+N+
4C20  CD FD 1C C0 22 BA 63 C9  ....".c.
4C28  01 91 30 C5 CD F7 4B AF  ..0...K.
4C30  57 7E B7 C9 01 91 30 C5  W\....0.
4C38  CD 2C 4C CA 9C 28 23 5E  .,L..(#^
4C40  23 56 1A C9 CD 29 4A CD  #V...)J.
4C48  06 33 2A DB 63 73 C1 C3  .3*.cs..
4C50  5B 4A CD 33 28 CD 03 1D  [J.3(...
4C58  28 CD 03 33 D5 CD 03 1D  (..3....
4C60  2C CD F2 2C CD 03 1D 29  ,..,...)
4C68  E3 E5 CD 1E 30 CA 76 4C  ....0.vL
4C70  CD 06 33 C3 79 4C CD 38  ..3.yL.8
4C78  4C D1 CD 82 4C CD 06 33  L...L..3
4C80  3E 20 F5 7B CD 2B 4A 5F  > .{.+J_
4C88  F1 1C 1D CA 4E 4C 2A DB  ....NL*.
4C90  63 77 23 1D C2 91 4C C3  cw#...L.
4C98  4E 4C CD 13 4D AF E3 4F  NL..M..O
4CA0  3E E5 E5 7E B8 DA AA 4C  >..\...L
4CA8  78 11 0E 00 C5 CD 9A 4A  x......J
4CB0  C1 E1 E5 23 46 23 66 68  ...#F#fh
4CB8  06 00 09 44 4D CD 2E 4A  ...DM..J
4CC0  6F CD ED 4B D1 CD FE 4B  o..K...K
4CC8  C3 5B 4A CD 13 4D D1 D5  .[J..M..
4CD0  1A 90 C3 9E 4C EB 7E CD  ....L.\.
4CD8  18 4D 04 05 CA 9C 28 C5  .M....(.
4CE0  CD 2C 4E F1 E3 01 A2 4C  .,N....L
4CE8  C5 3D BE 06 00 D0 4F 7E  .=....O\
4CF0  91 BB 47 D8 43 C9 CD 2C  ..G.C..,
4CF8  4C CA 91 30 5F 23 7E 23  L..0_#\#
4D00  66 6F E5 19 46 72 E3 C5  fo..Fr..
4D08  2B CD 33 28 CD 04 3D C1  +.3(..=.
4D10  E1 70 C9 EB CD 03 1D 29  .p.....)
4D18  C1 D1 C5 43 C9 CD 33 28  ...C..3(
4D20  CD EE 2C CD 1E 30 3E 01  ..,..0>.
4D28  F5 CA 3F 4D F1 CD 06 33  ..?M...3
4D30  B7 CA 9C 28 F5 CD 03 1D  ...(....
4D38  2C CD F2 2C CD F2 38 CD  ,..,..8.
4D40  03 1D 2C E5 2A 0D 65 E3  ..,.*.e.
4D48  CD F2 2C CD 03 1D 29 E5  ..,...).
4D50  CD F7 4B EB C1 E1 F1 C5  ..K.....
4D58  01 1E 36 C5 01 91 30 C5  ..6...0.
4D60  F5 D5 CD FD 4B D1 F1 47  ....K..G
4D68  3D 4F BE 3E 00 D0 1A B7  =O.>....
4D70  78 C8 7E 23 46 23 66 68  x.\#F#fh
4D78  06 00 09 91 47 C5 D5 E3  ....G...
4D80  4E 23 5E 23 56 E1 E5 D5  N#^#V...
4D88  C5 1A BE C2 A7 4D 13 0D  .....M..
4D90  CA 9E 4D 23 05 C2 89 4D  ..M#...M
4D98  D1 D1 C1 D1 AF C9 E1 D1  ........






4DA0  D1 C1 78 94 81 3C C9 C1  ..x..<..
4DA8  D1 E1 23 05 CA 9B 4D C3  ..#...M.
4DB0  86 4D CD 03 1D 28 CD 96  .M...(..
4DB8  47 CD F2 38 E5 D5 EB 23  G..8...#
4DC0  5E 23 56 2A 09 64 CD FD  ^#V*.d..
4DC8  1C DA D6 4D E1 E5 CD 15  ...M....
4DD0  4A E1 E5 CD 80 37 E1 E3  J....7..
4DD8  CD 03 1D 2C CD 03 33 B7  ...,..3.
4DE0  CA 9C 28 F5 7E CD 2C 4E  ..(.\.,N
4DE8  D5 CD E7 2C E5 CD F7 4B  ...,...K
4DF0  EB E1 C1 F1 47 E3 E5 21  ....G..!
4DF8  1E 36 E3 79 B7 C8 7E 90  .6.y..\.
4E00  DA 9C 28 3C B9 DA 09 4E  ..(<...N
4E08  79 48 0D 06 00 D5 23 5E  yH....#^
4E10  23 66 6B 09 47 D1 EB 4E  #fk.G..N
4E18  23 7E 23 66 6F EB 79 B7  #\#fo.y.
4E20  C8 1A 77 13 23 0D C8 05  ..w.#...
4E28  C2 21 4E C9 1E FF FE 29  .!N....)
4E30  CA 3A 4E CD 03 1D 2C CD  .:N...,.
4E38  03 33 CD 03 1D 29 C9 2A  .3...).*
4E40  09 64 EB 21 00 00 39 CD  .d.!..9.
4E48  1E 30 C2 7B 30 CD FA 4B  .0.{0..K
4E50  CD C5 4A 2A 58 62 EB 2A  ..J*Xb.*
4E58  DD 63 C3 7B 30 06 01 11  .c.{0...
4E60  BF 00 BB CA DC 1D CD F2  ........
4E68  2C E5 CD 38 4C 1A 2A 5C  ,..8L.*~
4E70  62 EB 2A 05 64 EB CD 5C  b.*.d..~
4E78  10 E1 C9 01 BF 00 B9 CA  ........
4E80  DA 1D 01 A5 00 B9 CA 63  .......c
4E88  24 AF 01 2F 23 F5 2B CD  $../#.+.
4E90  33 28 3E 00 CA 9E 4E CD  3(>...N.
4E98  F2 2C CD 38 4C 1A 6F F1  .,.8L.o.
4EA0  B7 67 22 0D 65 CC 8C 1C  .g".e...
4EA8  2A 0D 65 EB 7B 2A 58 62  *.e.{*Xb
4EB0  EB 2A 5C 62 CD 59 10 22  .*~b.Y."
4EB8  05 64 21 1E 1F CD 81 4A  .d!....J
4EC0  2A 5C 62 E5 C3 F1 25 00  *~b...%.
4EC8  00 00 00 00 00 00 00 00  ........
4ED0  00 00 00 00 00 00 00 00  ........
4ED8  00 00 00 00 00 00 00 00  ........
4EE0  00 00 00 00 00 00 00 00  ........
4EE8  00 00 00 00 00 00 00 00  ........
4EF0  00 00 00 00 00 00 00 00  ........
4EF8  00 00 00 00 00 00 00 00  ........
4F00  00 00 00 00 00 00 00 00  ........
4F08  00 00 00 00 00 00 00 00  ........
4F10  00 00 00 00 00 00 00 00  ........
4F18  00 00 00 00 00 00 00 00  ........
4F20  00 00 00 00 00 00 00 00  ........
4F28  00 00 00 00 00 00 00 00  ........
4F30  00 00 00 00 00 00 00 00  ........
4F38  00 00 00 00 00 00 00 00  ........
4F40  00 00 00 00 00 00 00 00  ........
4F48  00 00 00 00 00 00 00 00  ........
4F50  00 00 00 00 00 00 00 00  ........
4F58  00 00 00 00 00 00 00 00  ........
4F60  00 00 00 00 00 00 00 00  ........
4F68  00 00 00 00 00 00 00 00  ........
4F70  00 00 00 00 00 00 00 00  ........
4F78  00 00 00 00 00 00 00 00  ........
4F80  00 00 00 00 00 00 00 00  ........
4F88  00 00 00 00 00 00 00 00  ........
4F90  00 00 00 00 00 00 00 00  ........
4F98  00 00 00 00 00 00 00 00  ........
4FA0  00 00 00 00 00 00 00 00  ........
4FA8  00 00 00 00 00 00 00 00  ........






4FB0  00 00 00 00 00 00 00 00  ........
4FB8  00 00 00 00 00 00 00 00  ........
4FC0  00 00 00 00 00 00 00 00  ........
4FC8  00 00 00 00 00 00 00 00  ........
4FD0  00 00 00 00 00 00 00 00  ........
4FD8  00 00 00 00 00 00 00 00  ........
4FE0  00 00 00 00 00 00 00 00  ........
4FE8  00 00 00 00 00 00 00 00  ........
4FF0  00 00 00 00 00 00 00 00  ........
4FF8  00 00 00 00 00 00 00 00  ........
